Using pre-set license

 COMMAND LINE ARGUMENTS:
/Applications/Unity/Hub/Editor/2020.3.6f1/Unity.app/Contents/MacOS/Unity
-adb2
-batchMode
-noUpm
-name
AssetImportWorker1
-projectPath
/Users/williambertrand/GameDev/LD49
-logFile
Logs/AssetImportWorker1.log
-srvPort
58344
Successfully changed project path to: /Users/williambertrand/GameDev/LD49
/Users/williambertrand/GameDev/LD49
Using Asset Import Pipeline V2.
Refreshing native plugins compatible for Editor in 54.30 ms, found 2 plugins.
Preloading 0 native plugins for Editor in 0.00 ms.
Initialize engine version: 2020.3.6f1 (338bb68529b2)
[Subsystems] Discovering subsystems at path /Applications/Unity/Hub/Editor/2020.3.6f1/Unity.app/Contents/Resources/UnitySubsystems
[Subsystems] Discovering subsystems at path /Users/williambertrand/GameDev/LD49/Assets
GfxDevice: creating device client; threaded=0
2021-10-02 11:21:24.255 Unity[63939:952428] Color LCD preferred device: AMD Radeon Pro 5300M (high power)
2021-10-02 11:21:24.255 Unity[63939:952428] Metal devices available: 2
2021-10-02 11:21:24.255 Unity[63939:952428] 0: AMD Radeon Pro 5300M (high power)
2021-10-02 11:21:24.255 Unity[63939:952428] 1: Intel(R) UHD Graphics 630 (low power)
2021-10-02 11:21:24.256 Unity[63939:952428] Using device AMD Radeon Pro 5300M (high power)
Initializing Metal device caps: AMD Radeon Pro 5300M
Initialize mono
Mono path[0] = '/Applications/Unity/Hub/Editor/2020.3.6f1/Unity.app/Contents/Managed'
Mono path[1] = '/Applications/Unity/Hub/Editor/2020.3.6f1/Unity.app/Contents/MonoBleedingEdge/lib/mono/unityjit'
Mono config path = '/Applications/Unity/Hub/Editor/2020.3.6f1/Unity.app/Contents/MonoBleedingEdge/etc'
Using monoOptions --debugger-agent=transport=dt_socket,embedding=1,server=y,suspend=n,address=127.0.0.1:56939
Begin MonoManager ReloadAssembly
Registering precompiled unity dll's ...
Register platform support module: /Applications/Unity/Hub/Editor/2020.3.6f1/PlaybackEngines/WebGLSupport/UnityEditor.WebGL.Extensions.dll
Register platform support module: /Applications/Unity/Hub/Editor/2020.3.6f1/Unity.app/Contents/PlaybackEngines/MacStandaloneSupport/UnityEditor.OSXStandalone.Extensions.dll
Register platform support module: /Applications/Unity/Hub/Editor/2020.3.6f1/PlaybackEngines/WindowsStandaloneSupport/UnityEditor.WindowsStandalone.Extensions.dll
Register platform support module: /Applications/Unity/Hub/Editor/2020.3.6f1/PlaybackEngines/LinuxStandaloneSupport/UnityEditor.LinuxStandalone.Extensions.dll
Registered in 0.003512 seconds.
Native extension for LinuxStandalone target not found
Native extension for WindowsStandalone target not found
Native extension for OSXStandalone target not found
Native extension for WebGL target not found
Refreshing native plugins compatible for Editor in 43.16 ms, found 2 plugins.
Preloading 0 native plugins for Editor in 0.00 ms.
Mono: successfully reloaded assembly
- Completed reload, in  3.611 seconds
Platform modules already initialized, skipping
Registering precompiled user dll's ...
Registered in 0.001181 seconds.
Begin MonoManager ReloadAssembly
Native extension for LinuxStandalone target not found
Native extension for WindowsStandalone target not found
Native extension for OSXStandalone target not found
Native extension for WebGL target not found
Refreshing native plugins compatible for Editor in 43.87 ms, found 2 plugins.
Preloading 0 native plugins for Editor in 0.00 ms.
Mono: successfully reloaded assembly
- Completed reload, in  1.259 seconds
Platform modules already initialized, skipping
========================================================================
Worker process is ready to serve import requests
Launching external process: /Applications/Unity/Hub/Editor/2020.3.6f1/Unity.app/Contents/Tools/UnityShaderCompiler
Launched and connected shader compiler UnityShaderCompiler after 0.02 seconds
Refreshing native plugins compatible for Editor in 0.64 ms, found 2 plugins.
Preloading 0 native plugins for Editor in 0.00 ms.
Unloading 2274 Unused Serialized files (Serialized files now loaded: 0)
System memory in use before: 169.2 MB.
System memory in use after: 169.3 MB.

Unloading 27 unused Assets to reduce memory usage. Loaded Objects now: 2718.
Total: 3.947461 ms (FindLiveObjects: 0.305506 ms CreateObjectMapping: 0.171117 ms MarkObjects: 3.159429 ms  DeleteObjects: 0.309901 ms)

========================================================================
Received Import Request.
  path: Assets/mini_pixel-7.ttf
  artifactKey: Guid(6c4da212f39984d60b393f1abae8b749) Importer(815301076,1909f56bfc062723c751e8b465ee728b)
Start importing Assets/mini_pixel-7.ttf using Guid(6c4da212f39984d60b393f1abae8b749) Importer(815301076,1909f56bfc062723c751e8b465ee728b)  -> (artifact id: '8b3f39e3fc3d1490ce54c5299f703eac') in 2.543127 seconds
  Import took 2.552578 seconds .

========================================================================
Received Import Request.
  Time since last request: 100.695386 seconds.
  path: Assets/Fonts
  artifactKey: Guid(1679f9a7e40b64194b27ca0e069daa99) Importer(815301076,1909f56bfc062723c751e8b465ee728b)
Start importing Assets/Fonts using Guid(1679f9a7e40b64194b27ca0e069daa99) Importer(815301076,1909f56bfc062723c751e8b465ee728b)  -> (artifact id: '62fe4babf3b3d9831fe06073cf3fe99a') in 0.002771 seconds
  Import took 0.006790 seconds .

========================================================================
Received Import Request.
  Time since last request: 36.236106 seconds.
  path: Assets/Fonts/mini_pixel-7 SDF.asset
  artifactKey: Guid(7fb145746e3474fe2947c725ffdacf92) Importer(815301076,1909f56bfc062723c751e8b465ee728b)
Start importing Assets/Fonts/mini_pixel-7 SDF.asset using Guid(7fb145746e3474fe2947c725ffdacf92) Importer(815301076,1909f56bfc062723c751e8b465ee728b) Shader 'TextMeshPro/Distance Field': fallback shader 'TextMeshPro/Mobile/Distance Field' not found
 -> (artifact id: 'ace72e0a052da1d0d530382102727395') in 1.083309 seconds
  Import took 1.087878 seconds .

========================================================================
Received Import Request.
  Time since last request: 4795.695519 seconds.
  path: Assets/Sprites/blob.png
  artifactKey: Guid(c88475c9b5f7848ad9c11abf31233743) Importer(815301076,1909f56bfc062723c751e8b465ee728b)
Start importing Assets/Sprites/blob.png using Guid(c88475c9b5f7848ad9c11abf31233743) Importer(815301076,1909f56bfc062723c751e8b465ee728b)  -> (artifact id: 'be867504301e64df65ebef4a40a8c6a8') in 1.146356 seconds
  Import took 1.150984 seconds .

========================================================================
Received Import Request.
  Time since last request: 11.974531 seconds.
  path: Assets/Sprites/blob.png
  artifactKey: Guid(c88475c9b5f7848ad9c11abf31233743) Importer(815301076,1909f56bfc062723c751e8b465ee728b)
Start importing Assets/Sprites/blob.png using Guid(c88475c9b5f7848ad9c11abf31233743) Importer(815301076,1909f56bfc062723c751e8b465ee728b)  -> (artifact id: '8b77640291d70cec7ecd745832c47715') in 0.009158 seconds
  Import took 0.013400 seconds .

========================================================================
Received Import Request.
  Time since last request: 0.012784 seconds.
  path: Assets/Sprites/blob.png
  artifactKey: Guid(c88475c9b5f7848ad9c11abf31233743) Importer(815301076,1909f56bfc062723c751e8b465ee728b)
Start importing Assets/Sprites/blob.png using Guid(c88475c9b5f7848ad9c11abf31233743) Importer(815301076,1909f56bfc062723c751e8b465ee728b)  -> (artifact id: '8b77640291d70cec7ecd745832c47715') in 0.008541 seconds
  Import took 0.012482 seconds .

========================================================================
Received Import Request.
  Time since last request: 5.796238 seconds.
  path: Assets/Sprites/blob.png
  artifactKey: Guid(c88475c9b5f7848ad9c11abf31233743) Importer(815301076,1909f56bfc062723c751e8b465ee728b)
Start importing Assets/Sprites/blob.png using Guid(c88475c9b5f7848ad9c11abf31233743) Importer(815301076,1909f56bfc062723c751e8b465ee728b)  -> (artifact id: 'b6e77046c260d7c7dee853d7251e7b2f') in 0.026369 seconds
  Import took 0.030748 seconds .

========================================================================
Received Import Request.
  Time since last request: 0.005775 seconds.
  path: Assets/Sprites/blob.png
  artifactKey: Guid(c88475c9b5f7848ad9c11abf31233743) Importer(815301076,1909f56bfc062723c751e8b465ee728b)
Start importing Assets/Sprites/blob.png using Guid(c88475c9b5f7848ad9c11abf31233743) Importer(815301076,1909f56bfc062723c751e8b465ee728b)  -> (artifact id: 'b6e77046c260d7c7dee853d7251e7b2f') in 0.026490 seconds
  Import took 0.030314 seconds .

========================================================================
Received Import Request.
  Time since last request: 100.775477 seconds.
  path: Assets/Scripts/Interactions
  artifactKey: Guid(0778178514a854f4db3f2f3d9a8ae727) Importer(815301076,1909f56bfc062723c751e8b465ee728b)
Start importing Assets/Scripts/Interactions using Guid(0778178514a854f4db3f2f3d9a8ae727) Importer(815301076,1909f56bfc062723c751e8b465ee728b)  -> (artifact id: 'd55d2613be478699b3e77e61cc941875') in 0.002472 seconds
  Import took 0.007054 seconds .

========================================================================
Received Import Request.
  Time since last request: 6.628800 seconds.
  path: Assets/Scripts/Interactions/Dialogue.cs
  artifactKey: Guid(adf5ed4ccb11d441ea5e6c9c47266d43) Importer(815301076,1909f56bfc062723c751e8b465ee728b)
Start importing Assets/Scripts/Interactions/Dialogue.cs using Guid(adf5ed4ccb11d441ea5e6c9c47266d43) Importer(815301076,1909f56bfc062723c751e8b465ee728b)  -> (artifact id: '59c775e3c6fa9339fe745f4cbabda72c') in 0.405549 seconds
  Import took 0.409202 seconds .

========================================================================
Received Prepare
Registering precompiled user dll's ...
Registered in 0.001310 seconds.
Begin MonoManager ReloadAssembly
Native extension for LinuxStandalone target not found
Native extension for WindowsStandalone target not found
Native extension for OSXStandalone target not found
Native extension for WebGL target not found
Refreshing native plugins compatible for Editor in 0.47 ms, found 2 plugins.
Preloading 0 native plugins for Editor in 0.00 ms.
Mono: successfully reloaded assembly
- Completed reload, in  1.173 seconds
Platform modules already initialized, skipping
Refreshing native plugins compatible for Editor in 0.41 ms, found 2 plugins.
Preloading 0 native plugins for Editor in 0.00 ms.
Unloading 2278 Unused Serialized files (Serialized files now loaded: 0)
System memory in use before: 192.7 MB.
System memory in use after: 192.3 MB.

Unloading 24 unused Assets to reduce memory usage. Loaded Objects now: 2775.
Total: 2.451129 ms (FindLiveObjects: 0.224238 ms CreateObjectMapping: 0.097480 ms MarkObjects: 1.828421 ms  DeleteObjects: 0.300284 ms)

========================================================================
Received Prepare
Registering precompiled user dll's ...
Registered in 0.000816 seconds.
Begin MonoManager ReloadAssembly
Native extension for LinuxStandalone target not found
Native extension for WindowsStandalone target not found
Native extension for OSXStandalone target not found
Native extension for WebGL target not found
Refreshing native plugins compatible for Editor in 0.39 ms, found 2 plugins.
Preloading 0 native plugins for Editor in 0.00 ms.
Mono: successfully reloaded assembly
- Completed reload, in  1.028 seconds
Platform modules already initialized, skipping
Refreshing native plugins compatible for Editor in 0.39 ms, found 2 plugins.
Preloading 0 native plugins for Editor in 0.00 ms.
Unloading 2276 Unused Serialized files (Serialized files now loaded: 0)
System memory in use before: 192.8 MB.
System memory in use after: 192.3 MB.

Unloading 24 unused Assets to reduce memory usage. Loaded Objects now: 2779.
Total: 2.583113 ms (FindLiveObjects: 0.246462 ms CreateObjectMapping: 0.105000 ms MarkObjects: 1.875992 ms  DeleteObjects: 0.354684 ms)

========================================================================
Received Import Request.
  Time since last request: 10.336301 seconds.
  path: Assets/Scripts/Interactions/Dialogue.cs
  artifactKey: Guid(adf5ed4ccb11d441ea5e6c9c47266d43) Importer(815301076,1909f56bfc062723c751e8b465ee728b)
Start importing Assets/Scripts/Interactions/Dialogue.cs using Guid(adf5ed4ccb11d441ea5e6c9c47266d43) Importer(815301076,1909f56bfc062723c751e8b465ee728b)  -> (artifact id: '07c0d4ecff875b1ccda6cb2a3ab8f337') in 0.008387 seconds
  Import took 0.011916 seconds .

========================================================================
Received Import Request.
  Time since last request: 35.914143 seconds.
  path: Assets/Scripts/Interactions/DialogueManager.cs
  artifactKey: Guid(3bdba04ebc2b743b9ae2cc0c4885c0a5) Importer(815301076,1909f56bfc062723c751e8b465ee728b)
Start importing Assets/Scripts/Interactions/DialogueManager.cs using Guid(3bdba04ebc2b743b9ae2cc0c4885c0a5) Importer(815301076,1909f56bfc062723c751e8b465ee728b)  -> (artifact id: 'e189cf150677969762587dbfafaf7bad') in 0.004027 seconds
  Import took 0.009369 seconds .

========================================================================
Received Prepare
Registering precompiled user dll's ...
Registered in 0.001334 seconds.
Begin MonoManager ReloadAssembly
Native extension for LinuxStandalone target not found
Native extension for WindowsStandalone target not found
Native extension for OSXStandalone target not found
Native extension for WebGL target not found
Refreshing native plugins compatible for Editor in 0.44 ms, found 2 plugins.
Preloading 0 native plugins for Editor in 0.00 ms.
Mono: successfully reloaded assembly
- Completed reload, in  1.111 seconds
Platform modules already initialized, skipping
Refreshing native plugins compatible for Editor in 0.46 ms, found 2 plugins.
Preloading 0 native plugins for Editor in 0.00 ms.
Unloading 2277 Unused Serialized files (Serialized files now loaded: 0)
System memory in use before: 193.0 MB.
System memory in use after: 192.5 MB.

Unloading 24 unused Assets to reduce memory usage. Loaded Objects now: 2784.
Total: 2.802371 ms (FindLiveObjects: 0.265974 ms CreateObjectMapping: 0.115465 ms MarkObjects: 2.050694 ms  DeleteObjects: 0.369300 ms)

========================================================================
Received Import Request.
  Time since last request: 69.298750 seconds.
  path: Assets/Scripts/Interactions/Interactable.cs
  artifactKey: Guid(88add8d25a25149aaaaa8e585a5e6df6) Importer(815301076,1909f56bfc062723c751e8b465ee728b)
Start importing Assets/Scripts/Interactions/Interactable.cs using Guid(88add8d25a25149aaaaa8e585a5e6df6) Importer(815301076,1909f56bfc062723c751e8b465ee728b)  -> (artifact id: 'c95ddc6b9c0de961c6cbbf9f6f454af4') in 0.006798 seconds
  Import took 0.011551 seconds .

========================================================================
Received Prepare
Registering precompiled user dll's ...
Registered in 0.001333 seconds.
Begin MonoManager ReloadAssembly
Native extension for LinuxStandalone target not found
Native extension for WindowsStandalone target not found
Native extension for OSXStandalone target not found
Native extension for WebGL target not found
Refreshing native plugins compatible for Editor in 0.38 ms, found 2 plugins.
Preloading 0 native plugins for Editor in 0.00 ms.
Mono: successfully reloaded assembly
- Completed reload, in  0.999 seconds
Platform modules already initialized, skipping
Refreshing native plugins compatible for Editor in 0.44 ms, found 2 plugins.
Preloading 0 native plugins for Editor in 0.00 ms.
Unloading 2278 Unused Serialized files (Serialized files now loaded: 0)
System memory in use before: 193.3 MB.
System memory in use after: 192.8 MB.

Unloading 24 unused Assets to reduce memory usage. Loaded Objects now: 2789.
Total: 3.072159 ms (FindLiveObjects: 0.293960 ms CreateObjectMapping: 0.094335 ms MarkObjects: 2.262324 ms  DeleteObjects: 0.419892 ms)

========================================================================
Received Import Request.
  Time since last request: 13.228104 seconds.
  path: Assets/Scripts/Interactions/DialogueTrigger.cs
  artifactKey: Guid(48f01e9c7f8ab472a805dce09f2539b2) Importer(815301076,1909f56bfc062723c751e8b465ee728b)
Start importing Assets/Scripts/Interactions/DialogueTrigger.cs using Guid(48f01e9c7f8ab472a805dce09f2539b2) Importer(815301076,1909f56bfc062723c751e8b465ee728b)  -> (artifact id: 'af4a6410b98d552960ce67369a554a20') in 0.005612 seconds
  Import took 0.009901 seconds .

========================================================================
Received Prepare
Registering precompiled user dll's ...
Registered in 0.001772 seconds.
Begin MonoManager ReloadAssembly
Native extension for LinuxStandalone target not found
Native extension for WindowsStandalone target not found
Native extension for OSXStandalone target not found
Native extension for WebGL target not found
Refreshing native plugins compatible for Editor in 0.44 ms, found 2 plugins.
Preloading 0 native plugins for Editor in 0.00 ms.
Mono: successfully reloaded assembly
- Completed reload, in  1.152 seconds
Platform modules already initialized, skipping
Refreshing native plugins compatible for Editor in 0.41 ms, found 2 plugins.
Preloading 0 native plugins for Editor in 0.00 ms.
Unloading 2279 Unused Serialized files (Serialized files now loaded: 0)
System memory in use before: 193.6 MB.
System memory in use after: 193.1 MB.

Unloading 24 unused Assets to reduce memory usage. Loaded Objects now: 2794.
Total: 2.906924 ms (FindLiveObjects: 0.261575 ms CreateObjectMapping: 0.110876 ms MarkObjects: 2.127379 ms  DeleteObjects: 0.405324 ms)

========================================================================
Received Import Request.
  Time since last request: 12.493254 seconds.
  path: Assets/Scripts/Interactions/DialogueTrigger.cs
  artifactKey: Guid(48f01e9c7f8ab472a805dce09f2539b2) Importer(815301076,1909f56bfc062723c751e8b465ee728b)
Start importing Assets/Scripts/Interactions/DialogueTrigger.cs using Guid(48f01e9c7f8ab472a805dce09f2539b2) Importer(815301076,1909f56bfc062723c751e8b465ee728b)  -> (artifact id: 'f77429cf5838997483ba9851d08e6e39') in 0.009345 seconds
  Import took 0.015507 seconds .

========================================================================
Received Prepare
Registering precompiled user dll's ...
Registered in 0.001520 seconds.
Begin MonoManager ReloadAssembly
Native extension for LinuxStandalone target not found
Native extension for WindowsStandalone target not found
Native extension for OSXStandalone target not found
Native extension for WebGL target not found
Refreshing native plugins compatible for Editor in 0.39 ms, found 2 plugins.
Preloading 0 native plugins for Editor in 0.00 ms.
Mono: successfully reloaded assembly
- Completed reload, in  1.025 seconds
Platform modules already initialized, skipping
Refreshing native plugins compatible for Editor in 0.41 ms, found 2 plugins.
Preloading 0 native plugins for Editor in 0.00 ms.
Unloading 2279 Unused Serialized files (Serialized files now loaded: 0)
System memory in use before: 193.8 MB.
System memory in use after: 193.4 MB.

Unloading 24 unused Assets to reduce memory usage. Loaded Objects now: 2798.
Total: 2.480722 ms (FindLiveObjects: 0.280039 ms CreateObjectMapping: 0.139757 ms MarkObjects: 1.737608 ms  DeleteObjects: 0.322321 ms)

========================================================================
Received Import Request.
  Time since last request: 533.883808 seconds.
  path: Assets/Fonts/mini_pixel-7 SDF.asset
  artifactKey: Guid(7fb145746e3474fe2947c725ffdacf92) Importer(815301076,1909f56bfc062723c751e8b465ee728b)
Start importing Assets/Fonts/mini_pixel-7 SDF.asset using Guid(7fb145746e3474fe2947c725ffdacf92) Importer(815301076,1909f56bfc062723c751e8b465ee728b)  -> (artifact id: '066813fbbdb499123a6258147037bd36') in 0.107841 seconds
  Import took 0.112919 seconds .

========================================================================
Received Prepare
Registering precompiled user dll's ...
Registered in 0.001470 seconds.
Begin MonoManager ReloadAssembly
Native extension for LinuxStandalone target not found
Native extension for WindowsStandalone target not found
Native extension for OSXStandalone target not found
Native extension for WebGL target not found
Refreshing native plugins compatible for Editor in 0.39 ms, found 2 plugins.
Preloading 0 native plugins for Editor in 0.00 ms.
Mono: successfully reloaded assembly
- Completed reload, in  1.051 seconds
Platform modules already initialized, skipping
Refreshing native plugins compatible for Editor in 0.41 ms, found 2 plugins.
Preloading 0 native plugins for Editor in 0.00 ms.
Unloading 2279 Unused Serialized files (Serialized files now loaded: 0)
System memory in use before: 194.2 MB.
System memory in use after: 193.7 MB.

Unloading 24 unused Assets to reduce memory usage. Loaded Objects now: 2804.
Total: 2.537126 ms (FindLiveObjects: 0.253824 ms CreateObjectMapping: 0.104722 ms MarkObjects: 1.822687 ms  DeleteObjects: 0.354859 ms)

========================================================================
Received Prepare
Registering precompiled user dll's ...
Registered in 0.001515 seconds.
Begin MonoManager ReloadAssembly
Native extension for LinuxStandalone target not found
Native extension for WindowsStandalone target not found
Native extension for OSXStandalone target not found
Native extension for WebGL target not found
Refreshing native plugins compatible for Editor in 0.39 ms, found 2 plugins.
Preloading 0 native plugins for Editor in 0.00 ms.
Mono: successfully reloaded assembly
- Completed reload, in  1.050 seconds
Platform modules already initialized, skipping
Refreshing native plugins compatible for Editor in 0.41 ms, found 2 plugins.
Preloading 0 native plugins for Editor in 0.00 ms.
Unloading 2279 Unused Serialized files (Serialized files now loaded: 0)
System memory in use before: 194.4 MB.
System memory in use after: 194.0 MB.

Unloading 24 unused Assets to reduce memory usage. Loaded Objects now: 2808.
Total: 3.460515 ms (FindLiveObjects: 0.610887 ms CreateObjectMapping: 0.251330 ms MarkObjects: 2.165361 ms  DeleteObjects: 0.430237 ms)

