Using pre-set license

 COMMAND LINE ARGUMENTS:
/Applications/Unity/Hub/Editor/2020.3.6f1/Unity.app/Contents/MacOS/Unity
-adb2
-batchMode
-noUpm
-name
AssetImportWorker0
-projectPath
/Users/williambertrand/GameDev/LD49
-logFile
Logs/AssetImportWorker0.log
-srvPort
58344
Successfully changed project path to: /Users/williambertrand/GameDev/LD49
/Users/williambertrand/GameDev/LD49
Using Asset Import Pipeline V2.
Refreshing native plugins compatible for Editor in 46.86 ms, found 2 plugins.
Preloading 0 native plugins for Editor in 0.00 ms.
Initialize engine version: 2020.3.6f1 (338bb68529b2)
[Subsystems] Discovering subsystems at path /Applications/Unity/Hub/Editor/2020.3.6f1/Unity.app/Contents/Resources/UnitySubsystems
[Subsystems] Discovering subsystems at path /Users/williambertrand/GameDev/LD49/Assets
GfxDevice: creating device client; threaded=0
2021-10-01 17:42:40.605 Unity[25432:408511] Color LCD preferred device: AMD Radeon Pro 5300M (high power)
2021-10-01 17:42:40.605 Unity[25432:408511] Metal devices available: 2
2021-10-01 17:42:40.605 Unity[25432:408511] 0: AMD Radeon Pro 5300M (high power)
2021-10-01 17:42:40.605 Unity[25432:408511] 1: Intel(R) UHD Graphics 630 (low power)
2021-10-01 17:42:40.605 Unity[25432:408511] Using device AMD Radeon Pro 5300M (high power)
Initializing Metal device caps: AMD Radeon Pro 5300M
Initialize mono
Mono path[0] = '/Applications/Unity/Hub/Editor/2020.3.6f1/Unity.app/Contents/Managed'
Mono path[1] = '/Applications/Unity/Hub/Editor/2020.3.6f1/Unity.app/Contents/MonoBleedingEdge/lib/mono/unityjit'
Mono config path = '/Applications/Unity/Hub/Editor/2020.3.6f1/Unity.app/Contents/MonoBleedingEdge/etc'
Using monoOptions --debugger-agent=transport=dt_socket,embedding=1,server=y,suspend=n,address=127.0.0.1:56432
Begin MonoManager ReloadAssembly
Registering precompiled unity dll's ...
Register platform support module: /Applications/Unity/Hub/Editor/2020.3.6f1/PlaybackEngines/WebGLSupport/UnityEditor.WebGL.Extensions.dll
Register platform support module: /Applications/Unity/Hub/Editor/2020.3.6f1/Unity.app/Contents/PlaybackEngines/MacStandaloneSupport/UnityEditor.OSXStandalone.Extensions.dll
Register platform support module: /Applications/Unity/Hub/Editor/2020.3.6f1/PlaybackEngines/WindowsStandaloneSupport/UnityEditor.WindowsStandalone.Extensions.dll
Register platform support module: /Applications/Unity/Hub/Editor/2020.3.6f1/PlaybackEngines/LinuxStandaloneSupport/UnityEditor.LinuxStandalone.Extensions.dll
Registered in 0.006050 seconds.
Native extension for LinuxStandalone target not found
Native extension for WindowsStandalone target not found
Native extension for OSXStandalone target not found
Native extension for WebGL target not found
Refreshing native plugins compatible for Editor in 41.01 ms, found 2 plugins.
Preloading 0 native plugins for Editor in 0.00 ms.
Mono: successfully reloaded assembly
- Completed reload, in  2.404 seconds
Platform modules already initialized, skipping
Registering precompiled user dll's ...
Registered in 0.001428 seconds.
Begin MonoManager ReloadAssembly
Native extension for LinuxStandalone target not found
Native extension for WindowsStandalone target not found
Native extension for OSXStandalone target not found
Native extension for WebGL target not found
Refreshing native plugins compatible for Editor in 40.29 ms, found 2 plugins.
Preloading 0 native plugins for Editor in 0.00 ms.
Mono: successfully reloaded assembly
- Completed reload, in  1.108 seconds
Platform modules already initialized, skipping
========================================================================
Worker process is ready to serve import requests
Launching external process: /Applications/Unity/Hub/Editor/2020.3.6f1/Unity.app/Contents/Tools/UnityShaderCompiler
Launched and connected shader compiler UnityShaderCompiler after 0.02 seconds
Refreshing native plugins compatible for Editor in 0.41 ms, found 2 plugins.
Preloading 0 native plugins for Editor in 0.00 ms.
Unloading 2107 Unused Serialized files (Serialized files now loaded: 0)
System memory in use before: 161.9 MB.
System memory in use after: 161.9 MB.

Unloading 26 unused Assets to reduce memory usage. Loaded Objects now: 2551.
Total: 2.877287 ms (FindLiveObjects: 0.224509 ms CreateObjectMapping: 0.137977 ms MarkObjects: 2.373799 ms  DeleteObjects: 0.140121 ms)

========================================================================
Received Import Request.
  path: Assets/Cainos/Pixel Art Top Down - Basic/Tile Palette/TP Grass.prefab
  artifactKey: Guid(02a081c3d25f8e54396b0c278f77e6f6) Importer(815301076,1909f56bfc062723c751e8b465ee728b)
Start importing Assets/Cainos/Pixel Art Top Down - Basic/Tile Palette/TP Grass.prefab using Guid(02a081c3d25f8e54396b0c278f77e6f6) Importer(815301076,1909f56bfc062723c751e8b465ee728b)  -> (artifact id: '371748b3cf011ef31155acea97f309bd') in 1.228108 seconds
  Import took 1.231946 seconds .

========================================================================
Received Import Request.
  Time since last request: 0.000226 seconds.
  path: Assets/Cainos/Pixel Art Top Down - Basic/Tile Palette
  artifactKey: Guid(9aaddfc1c24876049941c1d30e4a9e23) Importer(815301076,1909f56bfc062723c751e8b465ee728b)
Start importing Assets/Cainos/Pixel Art Top Down - Basic/Tile Palette using Guid(9aaddfc1c24876049941c1d30e4a9e23) Importer(815301076,1909f56bfc062723c751e8b465ee728b)  -> (artifact id: '68ad6a406ba5f9dfb5b00772ad6a7d22') in 0.000906 seconds
  Import took 0.004240 seconds .

========================================================================
Received Import Request.
  Time since last request: 0.000198 seconds.
  path: Assets/Cainos/Pixel Art Top Down - Basic
  artifactKey: Guid(16e6903942d9bf94d9dd684620613d02) Importer(815301076,1909f56bfc062723c751e8b465ee728b)
Start importing Assets/Cainos/Pixel Art Top Down - Basic using Guid(16e6903942d9bf94d9dd684620613d02) Importer(815301076,1909f56bfc062723c751e8b465ee728b)  -> (artifact id: '016b0432c01635740c14f603ffd3e45e') in 0.001428 seconds
  Import took 0.004748 seconds .

========================================================================
Received Import Request.
  Time since last request: 0.000194 seconds.
  path: Assets/Cainos/Pixel Art Top Down - Basic/Tile Palette/TP Wall.prefab
  artifactKey: Guid(8d8700121f1eb2c4abda7e8a3dafab76) Importer(815301076,1909f56bfc062723c751e8b465ee728b)
Start importing Assets/Cainos/Pixel Art Top Down - Basic/Tile Palette/TP Wall.prefab using Guid(8d8700121f1eb2c4abda7e8a3dafab76) Importer(815301076,1909f56bfc062723c751e8b465ee728b)  -> (artifact id: '5a991a0d0be0f10762b2849accbb5872') in 0.006085 seconds
  Import took 0.009738 seconds .

========================================================================
Received Import Request.
  Time since last request: 0.000230 seconds.
  path: Assets/Cainos/Pixel Art Top Down - Basic/Tile Palette/TP Stone Ground.prefab
  artifactKey: Guid(d4e83863d09313942bd8054738fe5a22) Importer(815301076,1909f56bfc062723c751e8b465ee728b)
Start importing Assets/Cainos/Pixel Art Top Down - Basic/Tile Palette/TP Stone Ground.prefab using Guid(d4e83863d09313942bd8054738fe5a22) Importer(815301076,1909f56bfc062723c751e8b465ee728b)  -> (artifact id: '54d894177bab2fcff7619ccfa2d7cabb') in 0.005368 seconds
  Import took 0.008887 seconds .

========================================================================
Received Prepare
Registering precompiled user dll's ...
Registered in 0.001557 seconds.
Begin MonoManager ReloadAssembly
Native extension for LinuxStandalone target not found
Native extension for WindowsStandalone target not found
Native extension for OSXStandalone target not found
Native extension for WebGL target not found
Refreshing native plugins compatible for Editor in 0.37 ms, found 2 plugins.
Preloading 0 native plugins for Editor in 0.00 ms.
Mono: successfully reloaded assembly
- Completed reload, in  1.056 seconds
Platform modules already initialized, skipping
Refreshing native plugins compatible for Editor in 0.44 ms, found 2 plugins.
Preloading 0 native plugins for Editor in 0.00 ms.
Unloading 2108 Unused Serialized files (Serialized files now loaded: 0)
System memory in use before: 166.8 MB.
System memory in use after: 166.8 MB.

Unloading 12 unused Assets to reduce memory usage. Loaded Objects now: 2563.
Total: 2.511123 ms (FindLiveObjects: 0.270787 ms CreateObjectMapping: 0.095367 ms MarkObjects: 2.044166 ms  DeleteObjects: 0.099898 ms)

========================================================================
Received Prepare
Registering precompiled user dll's ...
Registered in 0.000969 seconds.
Begin MonoManager ReloadAssembly
Native extension for LinuxStandalone target not found
Native extension for WindowsStandalone target not found
Native extension for OSXStandalone target not found
Native extension for WebGL target not found
Refreshing native plugins compatible for Editor in 0.39 ms, found 2 plugins.
Preloading 0 native plugins for Editor in 0.00 ms.
Invalid AssetDatabase path: /Editor/EditorResources/cm_logo_sm.png. Use path relative to the project folder.
UnityEngine.StackTraceUtility:ExtractStackTrace () (at /Users/bokken/buildslave/unity/build/Runtime/Export/Scripting/StackTrace.cs:37)
UnityEditor.AssetDatabase:LoadAssetAtPath<UnityEngine.Texture2D> (string) (at /Users/bokken/buildslave/unity/build/Modules/AssetDatabase/Editor/ScriptBindings/AssetDatabase.bindings.cs:220)
Cinemachine.Editor.CinemachineSettings:get_CinemachineLogoTexture () (at Library/PackageCache/com.unity.cinemachine@2.6.10/Editor/Windows/CinemachineSettings.cs:205)
Cinemachine.Editor.CinemachineSettings:.cctor () (at Library/PackageCache/com.unity.cinemachine@2.6.10/Editor/Windows/CinemachineSettings.cs:237)
Cinemachine.CinemachineColliderPrefs:.cctor () (at Library/PackageCache/com.unity.cinemachine@2.6.10/Editor/Windows/CinemachineColliderPrefs.cs:61)
System.Runtime.CompilerServices.RuntimeHelpers:RunClassConstructor (System.RuntimeTypeHandle)
UnityEditor.EditorAssemblies:ProcessInitializeOnLoadAttributes (System.Type[]) (at /Users/bokken/buildslave/unity/build/Editor/Mono/EditorAssemblies.cs:114)

[Library/PackageCache/com.unity.cinemachine@2.6.10/Editor/Windows/CinemachineSettings.cs line 205]

Mono: successfully reloaded assembly
- Completed reload, in  0.957 seconds
Platform modules already initialized, skipping
Refreshing native plugins compatible for Editor in 0.38 ms, found 2 plugins.
Preloading 0 native plugins for Editor in 0.00 ms.
Unloading 2255 Unused Serialized files (Serialized files now loaded: 0)
System memory in use before: 173.2 MB.
System memory in use after: 173.2 MB.

Unloading 13 unused Assets to reduce memory usage. Loaded Objects now: 2713.
Total: 2.374202 ms (FindLiveObjects: 0.232473 ms CreateObjectMapping: 0.100645 ms MarkObjects: 1.933143 ms  DeleteObjects: 0.106631 ms)

========================================================================
Received Import Request.
  Time since last request: 841.002085 seconds.
  path: Assets/Sprites
  artifactKey: Guid(0f14bea3546244bfdaa68d6c2c183ac4) Importer(815301076,1909f56bfc062723c751e8b465ee728b)
Start importing Assets/Sprites using Guid(0f14bea3546244bfdaa68d6c2c183ac4) Importer(815301076,1909f56bfc062723c751e8b465ee728b)  -> (artifact id: 'b314b242ca5b98c49dbc7e8f7acad358') in 0.005803 seconds
  Import took 0.009881 seconds .

========================================================================
Received Import Request.
  Time since last request: 19.200315 seconds.
  path: ProjectSettings/TagManager.asset
  artifactKey: Guid(00000000000000003000000000000000) Importer(815301076,1909f56bfc062723c751e8b465ee728b)
Start importing ProjectSettings/TagManager.asset using Guid(00000000000000003000000000000000) Importer(815301076,1909f56bfc062723c751e8b465ee728b)  -> (artifact id: '5ff736e781c9396eb3a9ebe5d00f0cbb') in 0.378434 seconds
  Import took 0.382517 seconds .

========================================================================
Received Import Request.
  Time since last request: 12.865462 seconds.
  path: ProjectSettings/TagManager.asset
  artifactKey: Guid(00000000000000003000000000000000) Importer(815301076,1909f56bfc062723c751e8b465ee728b)
Start importing ProjectSettings/TagManager.asset using Guid(00000000000000003000000000000000) Importer(815301076,1909f56bfc062723c751e8b465ee728b)  -> (artifact id: 'c1cbbb125e3eaf3a1560b3945238b43b') in 0.003497 seconds
  Import took 0.007313 seconds .

========================================================================
Received Prepare
Registering precompiled user dll's ...
Registered in 0.000640 seconds.
Begin MonoManager ReloadAssembly
Native extension for LinuxStandalone target not found
Native extension for WindowsStandalone target not found
Native extension for OSXStandalone target not found
Native extension for WebGL target not found
Refreshing native plugins compatible for Editor in 0.38 ms, found 2 plugins.
Preloading 0 native plugins for Editor in 0.00 ms.
Mono: successfully reloaded assembly
- Completed reload, in  1.108 seconds
Platform modules already initialized, skipping
Refreshing native plugins compatible for Editor in 0.38 ms, found 2 plugins.
Preloading 0 native plugins for Editor in 0.00 ms.
Unloading 2256 Unused Serialized files (Serialized files now loaded: 0)
System memory in use before: 178.3 MB.
System memory in use after: 178.3 MB.

Unloading 16 unused Assets to reduce memory usage. Loaded Objects now: 2718.
Total: 2.472842 ms (FindLiveObjects: 0.276888 ms CreateObjectMapping: 0.156775 ms MarkObjects: 1.927044 ms  DeleteObjects: 0.111153 ms)

========================================================================
Received Prepare
Registering precompiled user dll's ...
Registered in 0.000672 seconds.
Begin MonoManager ReloadAssembly
Native extension for LinuxStandalone target not found
Native extension for WindowsStandalone target not found
Native extension for OSXStandalone target not found
Native extension for WebGL target not found
Refreshing native plugins compatible for Editor in 0.38 ms, found 2 plugins.
Preloading 0 native plugins for Editor in 0.00 ms.
Mono: successfully reloaded assembly
- Completed reload, in  1.015 seconds
Platform modules already initialized, skipping
Refreshing native plugins compatible for Editor in 0.39 ms, found 2 plugins.
Preloading 0 native plugins for Editor in 0.00 ms.
Unloading 2255 Unused Serialized files (Serialized files now loaded: 0)
System memory in use before: 178.5 MB.
System memory in use after: 178.5 MB.

Unloading 14 unused Assets to reduce memory usage. Loaded Objects now: 2722.
Total: 2.280923 ms (FindLiveObjects: 0.224162 ms CreateObjectMapping: 0.101196 ms MarkObjects: 1.847482 ms  DeleteObjects: 0.107086 ms)

========================================================================
Received Import Request.
  Time since last request: 159.150683 seconds.
  path: Assets/PlayerInputActions.inputactions
  artifactKey: Guid(a09e820601d754688a4a18cdd61e62c3) Importer(815301076,1909f56bfc062723c751e8b465ee728b)
Start importing Assets/PlayerInputActions.inputactions using Guid(a09e820601d754688a4a18cdd61e62c3) Importer(815301076,1909f56bfc062723c751e8b465ee728b)  -> (artifact id: '9fafc9ba1c81dc3fe931c473b0f435e2') in 0.204534 seconds
  Import took 0.208869 seconds .

========================================================================
Received Prepare
Registering precompiled user dll's ...
Registered in 0.000592 seconds.
Begin MonoManager ReloadAssembly
Native extension for LinuxStandalone target not found
Native extension for WindowsStandalone target not found
Native extension for OSXStandalone target not found
Native extension for WebGL target not found
Refreshing native plugins compatible for Editor in 0.40 ms, found 2 plugins.
Preloading 0 native plugins for Editor in 0.00 ms.
Mono: successfully reloaded assembly
- Completed reload, in  1.003 seconds
Platform modules already initialized, skipping
Refreshing native plugins compatible for Editor in 0.56 ms, found 2 plugins.
Preloading 0 native plugins for Editor in 0.00 ms.
Unloading 2255 Unused Serialized files (Serialized files now loaded: 0)
System memory in use before: 183.1 MB.
System memory in use after: 183.2 MB.

Unloading 14 unused Assets to reduce memory usage. Loaded Objects now: 2726.
Total: 2.521448 ms (FindLiveObjects: 0.242050 ms CreateObjectMapping: 0.113136 ms MarkObjects: 2.043752 ms  DeleteObjects: 0.120126 ms)

========================================================================
Received Prepare
Registering precompiled user dll's ...
Registered in 0.000696 seconds.
Begin MonoManager ReloadAssembly
Native extension for LinuxStandalone target not found
Native extension for WindowsStandalone target not found
Native extension for OSXStandalone target not found
Native extension for WebGL target not found
Refreshing native plugins compatible for Editor in 0.38 ms, found 2 plugins.
Preloading 0 native plugins for Editor in 0.00 ms.
Mono: successfully reloaded assembly
- Completed reload, in  0.976 seconds
Platform modules already initialized, skipping
Refreshing native plugins compatible for Editor in 0.32 ms, found 2 plugins.
Preloading 0 native plugins for Editor in 0.00 ms.
Unloading 2255 Unused Serialized files (Serialized files now loaded: 0)
System memory in use before: 183.3 MB.
System memory in use after: 183.3 MB.

Unloading 14 unused Assets to reduce memory usage. Loaded Objects now: 2730.
Total: 2.118708 ms (FindLiveObjects: 0.279694 ms CreateObjectMapping: 0.096178 ms MarkObjects: 1.642234 ms  DeleteObjects: 0.099677 ms)

========================================================================
Received Import Request.
  Time since last request: 740.242731 seconds.
  path: Assets/Sprites/basicProjectile.png
  artifactKey: Guid(d0ba4f58c9ea6465ca02a8a4fa36f1bf) Importer(815301076,1909f56bfc062723c751e8b465ee728b)
Start importing Assets/Sprites/basicProjectile.png using Guid(d0ba4f58c9ea6465ca02a8a4fa36f1bf) Importer(815301076,1909f56bfc062723c751e8b465ee728b)  -> (artifact id: '69263fc30cae4f284c67b04b5aadf804') in 0.914463 seconds
  Import took 0.918866 seconds .

========================================================================
Received Import Request.
  Time since last request: 0.000205 seconds.
  path: Assets/Sprites/spinEnemy0.png
  artifactKey: Guid(d6e6be7c711214c29961022086439ce3) Importer(815301076,1909f56bfc062723c751e8b465ee728b)
Start importing Assets/Sprites/spinEnemy0.png using Guid(d6e6be7c711214c29961022086439ce3) Importer(815301076,1909f56bfc062723c751e8b465ee728b)  -> (artifact id: '03885ac86522c45a50d7969fbc5878b5') in 0.011358 seconds
  Import took 0.016713 seconds .

========================================================================
Received Import Request.
  Time since last request: 6.349577 seconds.
  path: Assets/Sprites/spinEnemy0.png
  artifactKey: Guid(d6e6be7c711214c29961022086439ce3) Importer(815301076,1909f56bfc062723c751e8b465ee728b)
Start importing Assets/Sprites/spinEnemy0.png using Guid(d6e6be7c711214c29961022086439ce3) Importer(815301076,1909f56bfc062723c751e8b465ee728b)  -> (artifact id: 'b52ec4a18bd09c704b673d3371c65aba') in 0.005684 seconds
  Import took 0.010084 seconds .

========================================================================
Received Import Request.
  Time since last request: 0.013983 seconds.
  path: Assets/Sprites/spinEnemy0.png
  artifactKey: Guid(d6e6be7c711214c29961022086439ce3) Importer(815301076,1909f56bfc062723c751e8b465ee728b)
Start importing Assets/Sprites/spinEnemy0.png using Guid(d6e6be7c711214c29961022086439ce3) Importer(815301076,1909f56bfc062723c751e8b465ee728b)  -> (artifact id: 'b52ec4a18bd09c704b673d3371c65aba') in 0.005847 seconds
  Import took 0.009733 seconds .

========================================================================
Received Import Request.
  Time since last request: 3.766442 seconds.
  path: Assets/Sprites/spinEnemy0.png
  artifactKey: Guid(d6e6be7c711214c29961022086439ce3) Importer(815301076,1909f56bfc062723c751e8b465ee728b)
Start importing Assets/Sprites/spinEnemy0.png using Guid(d6e6be7c711214c29961022086439ce3) Importer(815301076,1909f56bfc062723c751e8b465ee728b)  -> (artifact id: '33a63535cbcb46bbd19079c8c754df61') in 0.005512 seconds
  Import took 0.009869 seconds .

========================================================================
Received Import Request.
  Time since last request: 0.015486 seconds.
  path: Assets/Sprites/spinEnemy0.png
  artifactKey: Guid(d6e6be7c711214c29961022086439ce3) Importer(815301076,1909f56bfc062723c751e8b465ee728b)
Start importing Assets/Sprites/spinEnemy0.png using Guid(d6e6be7c711214c29961022086439ce3) Importer(815301076,1909f56bfc062723c751e8b465ee728b)  -> (artifact id: '33a63535cbcb46bbd19079c8c754df61') in 0.005027 seconds
  Import took 0.009231 seconds .

========================================================================
Received Import Request.
  Time since last request: 11.914882 seconds.
  path: Assets/Sprites/spinEnemy0.png
  artifactKey: Guid(d6e6be7c711214c29961022086439ce3) Importer(815301076,1909f56bfc062723c751e8b465ee728b)
Start importing Assets/Sprites/spinEnemy0.png using Guid(d6e6be7c711214c29961022086439ce3) Importer(815301076,1909f56bfc062723c751e8b465ee728b)  -> (artifact id: '888299e568be1f0e8bff164f3f42660c') in 0.034308 seconds
  Import took 0.038328 seconds .

========================================================================
Received Prepare
Registering precompiled user dll's ...
Registered in 0.000695 seconds.
Begin MonoManager ReloadAssembly
Native extension for LinuxStandalone target not found
Native extension for WindowsStandalone target not found
Native extension for OSXStandalone target not found
Native extension for WebGL target not found
Refreshing native plugins compatible for Editor in 0.39 ms, found 2 plugins.
Preloading 0 native plugins for Editor in 0.00 ms.
Mono: successfully reloaded assembly
- Completed reload, in  1.023 seconds
Platform modules already initialized, skipping
Refreshing native plugins compatible for Editor in 0.37 ms, found 2 plugins.
Preloading 0 native plugins for Editor in 0.00 ms.
Unloading 2255 Unused Serialized files (Serialized files now loaded: 0)
System memory in use before: 191.4 MB.
System memory in use after: 191.4 MB.

Unloading 14 unused Assets to reduce memory usage. Loaded Objects now: 2744.
Total: 2.266754 ms (FindLiveObjects: 0.227717 ms CreateObjectMapping: 0.098518 ms MarkObjects: 1.835501 ms  DeleteObjects: 0.104186 ms)

========================================================================
Received Import Request.
  Time since last request: 133.699180 seconds.
  path: Assets/Sprites/basicProjectile.png
  artifactKey: Guid(d0ba4f58c9ea6465ca02a8a4fa36f1bf) Importer(815301076,1909f56bfc062723c751e8b465ee728b)
Start importing Assets/Sprites/basicProjectile.png using Guid(d0ba4f58c9ea6465ca02a8a4fa36f1bf) Importer(815301076,1909f56bfc062723c751e8b465ee728b)  -> (artifact id: '06476a52a42dfa87dd6b64cfc1bbe11b') in 0.045956 seconds
  Import took 0.050281 seconds .

========================================================================
Received Import Request.
  Time since last request: 8.696355 seconds.
  path: Assets/Sprites/basicProjectile.png
  artifactKey: Guid(d0ba4f58c9ea6465ca02a8a4fa36f1bf) Importer(815301076,1909f56bfc062723c751e8b465ee728b)
Start importing Assets/Sprites/basicProjectile.png using Guid(d0ba4f58c9ea6465ca02a8a4fa36f1bf) Importer(815301076,1909f56bfc062723c751e8b465ee728b)  -> (artifact id: '398e27a8ee5bed7fba84806974fb9837') in 0.040333 seconds
  Import took 0.043822 seconds .

========================================================================
Received Import Request.
  Time since last request: 4.730654 seconds.
  path: Assets/Sprites/Player/indicator.png
  artifactKey: Guid(b2e20ecfe0bf84e39ac176d483107136) Importer(815301076,1909f56bfc062723c751e8b465ee728b)
Start importing Assets/Sprites/Player/indicator.png using Guid(b2e20ecfe0bf84e39ac176d483107136) Importer(815301076,1909f56bfc062723c751e8b465ee728b)  -> (artifact id: '6401d3f76c70b058914b2f1f65c3fac0') in 0.008157 seconds
  Import took 0.012179 seconds .

========================================================================
Received Import Request.
  Time since last request: 0.000188 seconds.
  path: Assets/Sprites/Player/projectile.png
  artifactKey: Guid(aae524ccac26d420abba017d4c93b99d) Importer(815301076,1909f56bfc062723c751e8b465ee728b)
Start importing Assets/Sprites/Player/projectile.png using Guid(aae524ccac26d420abba017d4c93b99d) Importer(815301076,1909f56bfc062723c751e8b465ee728b)  -> (artifact id: '4c2961c3fe02a130e0b6743f06d1100b') in 0.007070 seconds
  Import took 0.010754 seconds .

========================================================================
Received Import Request.
  Time since last request: 16.305111 seconds.
  path: Assets/Sprites/Player/projectile.png
  artifactKey: Guid(aae524ccac26d420abba017d4c93b99d) Importer(815301076,1909f56bfc062723c751e8b465ee728b)
Start importing Assets/Sprites/Player/projectile.png using Guid(aae524ccac26d420abba017d4c93b99d) Importer(815301076,1909f56bfc062723c751e8b465ee728b)  -> (artifact id: 'ccb8aac5443a67ad5402ad37294da5f8') in 0.005257 seconds
  Import took 0.009891 seconds .

========================================================================
Received Import Request.
  Time since last request: 0.014976 seconds.
  path: Assets/Sprites/Player/projectile.png
  artifactKey: Guid(aae524ccac26d420abba017d4c93b99d) Importer(815301076,1909f56bfc062723c751e8b465ee728b)
Start importing Assets/Sprites/Player/projectile.png using Guid(aae524ccac26d420abba017d4c93b99d) Importer(815301076,1909f56bfc062723c751e8b465ee728b)  -> (artifact id: 'ccb8aac5443a67ad5402ad37294da5f8') in 0.007060 seconds
  Import took 0.011086 seconds .

========================================================================
Received Import Request.
  Time since last request: 8.479852 seconds.
  path: Assets/Sprites/Player/projectile.png
  artifactKey: Guid(aae524ccac26d420abba017d4c93b99d) Importer(815301076,1909f56bfc062723c751e8b465ee728b)
Start importing Assets/Sprites/Player/projectile.png using Guid(aae524ccac26d420abba017d4c93b99d) Importer(815301076,1909f56bfc062723c751e8b465ee728b)  -> (artifact id: '406b055afa4b8fcda003da338ff33ca6') in 0.019998 seconds
  Import took 0.024740 seconds .

========================================================================
Received Import Request.
  Time since last request: 0.005837 seconds.
  path: Assets/Sprites/Player/projectile.png
  artifactKey: Guid(aae524ccac26d420abba017d4c93b99d) Importer(815301076,1909f56bfc062723c751e8b465ee728b)
Start importing Assets/Sprites/Player/projectile.png using Guid(aae524ccac26d420abba017d4c93b99d) Importer(815301076,1909f56bfc062723c751e8b465ee728b)  -> (artifact id: '406b055afa4b8fcda003da338ff33ca6') in 0.015988 seconds
  Import took 0.019765 seconds .

========================================================================
Received Import Request.
  Time since last request: 47.847516 seconds.
  path: Assets/Scripts/Combat
  artifactKey: Guid(eb31545165a3642fe951e08457bef34c) Importer(815301076,1909f56bfc062723c751e8b465ee728b)
Start importing Assets/Scripts/Combat using Guid(eb31545165a3642fe951e08457bef34c) Importer(815301076,1909f56bfc062723c751e8b465ee728b)  -> (artifact id: 'bf6a5a4c36a415907172ad2d6ceffc86') in 0.002182 seconds
  Import took 0.007101 seconds .

========================================================================
Received Import Request.
  Time since last request: 8.498782 seconds.
  path: Assets/Scripts/Combat/Projectile.cs
  artifactKey: Guid(5e8b34649ed394c18bed55309b55db08) Importer(815301076,1909f56bfc062723c751e8b465ee728b)
Start importing Assets/Scripts/Combat/Projectile.cs using Guid(5e8b34649ed394c18bed55309b55db08) Importer(815301076,1909f56bfc062723c751e8b465ee728b)  -> (artifact id: 'c5e8bba0dea6a196882d6bfad627396a') in 0.301009 seconds
  Import took 0.304709 seconds .

========================================================================
Received Prepare
Registering precompiled user dll's ...
Registered in 0.000987 seconds.
Begin MonoManager ReloadAssembly
Native extension for LinuxStandalone target not found
Native extension for WindowsStandalone target not found
Native extension for OSXStandalone target not found
Native extension for WebGL target not found
Refreshing native plugins compatible for Editor in 0.41 ms, found 2 plugins.
Preloading 0 native plugins for Editor in 0.00 ms.
Mono: successfully reloaded assembly
- Completed reload, in  1.067 seconds
Platform modules already initialized, skipping
Refreshing native plugins compatible for Editor in 0.42 ms, found 2 plugins.
Preloading 0 native plugins for Editor in 0.00 ms.
Unloading 2256 Unused Serialized files (Serialized files now loaded: 0)
System memory in use before: 196.0 MB.
System memory in use after: 196.1 MB.

Unloading 14 unused Assets to reduce memory usage. Loaded Objects now: 2756.
Total: 3.439525 ms (FindLiveObjects: 0.396362 ms CreateObjectMapping: 0.136203 ms MarkObjects: 2.767781 ms  DeleteObjects: 0.137086 ms)

========================================================================
Received Prepare
Registering precompiled user dll's ...
Registered in 0.000594 seconds.
Begin MonoManager ReloadAssembly
Native extension for LinuxStandalone target not found
Native extension for WindowsStandalone target not found
Native extension for OSXStandalone target not found
Native extension for WebGL target not found
Refreshing native plugins compatible for Editor in 0.41 ms, found 2 plugins.
Preloading 0 native plugins for Editor in 0.00 ms.
Mono: successfully reloaded assembly
- Completed reload, in  1.009 seconds
Platform modules already initialized, skipping
Refreshing native plugins compatible for Editor in 0.37 ms, found 2 plugins.
Preloading 0 native plugins for Editor in 0.00 ms.
Unloading 2256 Unused Serialized files (Serialized files now loaded: 0)
System memory in use before: 196.3 MB.
System memory in use after: 196.3 MB.

Unloading 14 unused Assets to reduce memory usage. Loaded Objects now: 2760.
Total: 2.274931 ms (FindLiveObjects: 0.238389 ms CreateObjectMapping: 0.099631 ms MarkObjects: 1.829496 ms  DeleteObjects: 0.106285 ms)

========================================================================
Received Import Request.
  Time since last request: 88.113606 seconds.
  path: Assets/Scripts/Combat/Projectile.cs
  artifactKey: Guid(5e8b34649ed394c18bed55309b55db08) Importer(815301076,1909f56bfc062723c751e8b465ee728b)
Start importing Assets/Scripts/Combat/Projectile.cs using Guid(5e8b34649ed394c18bed55309b55db08) Importer(815301076,1909f56bfc062723c751e8b465ee728b)  -> (artifact id: '2c49d0935a29925372592639ab4148f6') in 0.006212 seconds
  Import took 0.009871 seconds .

========================================================================
Received Prepare
Registering precompiled user dll's ...
Registered in 0.000617 seconds.
Begin MonoManager ReloadAssembly
Native extension for LinuxStandalone target not found
Native extension for WindowsStandalone target not found
Native extension for OSXStandalone target not found
Native extension for WebGL target not found
Refreshing native plugins compatible for Editor in 0.38 ms, found 2 plugins.
Preloading 0 native plugins for Editor in 0.00 ms.
Mono: successfully reloaded assembly
- Completed reload, in  1.004 seconds
Platform modules already initialized, skipping
Refreshing native plugins compatible for Editor in 0.35 ms, found 2 plugins.
Preloading 0 native plugins for Editor in 0.00 ms.
Unloading 2256 Unused Serialized files (Serialized files now loaded: 0)
System memory in use before: 196.5 MB.
System memory in use after: 196.6 MB.

Unloading 14 unused Assets to reduce memory usage. Loaded Objects now: 2764.
Total: 2.359054 ms (FindLiveObjects: 0.281572 ms CreateObjectMapping: 0.105029 ms MarkObjects: 1.857161 ms  DeleteObjects: 0.114325 ms)

========================================================================
Received Import Request.
  Time since last request: 62.718136 seconds.
  path: Assets/Sprites/Player/Player.controller
  artifactKey: Guid(4fd22485174fa41beba4c203426cfd7e) Importer(815301076,1909f56bfc062723c751e8b465ee728b)
Start importing Assets/Sprites/Player/Player.controller using Guid(4fd22485174fa41beba4c203426cfd7e) Importer(815301076,1909f56bfc062723c751e8b465ee728b)  -> (artifact id: '5845b2f1759e309bd32bc58b25326325') in 0.204895 seconds
  Import took 0.209284 seconds .

========================================================================
Received Prepare
Registering precompiled user dll's ...
Registered in 0.000735 seconds.
Begin MonoManager ReloadAssembly
Native extension for LinuxStandalone target not found
Native extension for WindowsStandalone target not found
Native extension for OSXStandalone target not found
Native extension for WebGL target not found
Refreshing native plugins compatible for Editor in 0.39 ms, found 2 plugins.
Preloading 0 native plugins for Editor in 0.00 ms.
Mono: successfully reloaded assembly
- Completed reload, in  1.010 seconds
Platform modules already initialized, skipping
Refreshing native plugins compatible for Editor in 0.45 ms, found 2 plugins.
Preloading 0 native plugins for Editor in 0.00 ms.
Unloading 2256 Unused Serialized files (Serialized files now loaded: 0)
System memory in use before: 200.9 MB.
System memory in use after: 201.0 MB.

Unloading 14 unused Assets to reduce memory usage. Loaded Objects now: 2768.
Total: 2.297454 ms (FindLiveObjects: 0.237739 ms CreateObjectMapping: 0.102740 ms MarkObjects: 1.852405 ms  DeleteObjects: 0.103780 ms)

========================================================================
Received Import Request.
  Time since last request: 49.626708 seconds.
  path: Assets/PlayerInputActions.inputactions
  artifactKey: Guid(a09e820601d754688a4a18cdd61e62c3) Importer(815301076,1909f56bfc062723c751e8b465ee728b)
Start importing Assets/PlayerInputActions.inputactions using Guid(a09e820601d754688a4a18cdd61e62c3) Importer(815301076,1909f56bfc062723c751e8b465ee728b)  -> (artifact id: '82a33fd6da012b9acef1ac93b911589e') in 0.027449 seconds
  Import took 0.031675 seconds .

========================================================================
Received Import Request.
  Time since last request: 44.650121 seconds.
  path: Assets/Scripts/Player/PlayerCombat.cs
  artifactKey: Guid(4709294bea1bc43a8aa01af4f22b98eb) Importer(815301076,1909f56bfc062723c751e8b465ee728b)
Start importing Assets/Scripts/Player/PlayerCombat.cs using Guid(4709294bea1bc43a8aa01af4f22b98eb) Importer(815301076,1909f56bfc062723c751e8b465ee728b)  -> (artifact id: 'c8a919069efab55ca342aa83c6ad25da') in 0.002955 seconds
  Import took 0.006995 seconds .

========================================================================
Received Prepare
Registering precompiled user dll's ...
Registered in 0.001391 seconds.
Begin MonoManager ReloadAssembly
Native extension for LinuxStandalone target not found
Native extension for WindowsStandalone target not found
Native extension for OSXStandalone target not found
Native extension for WebGL target not found
Refreshing native plugins compatible for Editor in 0.49 ms, found 2 plugins.
Preloading 0 native plugins for Editor in 0.00 ms.
Mono: successfully reloaded assembly
- Completed reload, in  1.044 seconds
Platform modules already initialized, skipping
Refreshing native plugins compatible for Editor in 0.36 ms, found 2 plugins.
Preloading 0 native plugins for Editor in 0.00 ms.
Unloading 2257 Unused Serialized files (Serialized files now loaded: 0)
System memory in use before: 201.2 MB.
System memory in use after: 201.3 MB.

Unloading 14 unused Assets to reduce memory usage. Loaded Objects now: 2773.
Total: 2.108870 ms (FindLiveObjects: 0.257723 ms CreateObjectMapping: 0.082717 ms MarkObjects: 1.677855 ms  DeleteObjects: 0.089927 ms)

========================================================================
Received Import Request.
  Time since last request: 369.278757 seconds.
  path: Assets/Scripts/Player/PlayerCombat.cs
  artifactKey: Guid(4709294bea1bc43a8aa01af4f22b98eb) Importer(815301076,1909f56bfc062723c751e8b465ee728b)
Start importing Assets/Scripts/Player/PlayerCombat.cs using Guid(4709294bea1bc43a8aa01af4f22b98eb) Importer(815301076,1909f56bfc062723c751e8b465ee728b)  -> (artifact id: 'cecbd647c69a71e68d7ac5a8958d2b89') in 0.005224 seconds
  Import took 0.010159 seconds .

========================================================================
Received Prepare
Registering precompiled user dll's ...
Registered in 0.001824 seconds.
Begin MonoManager ReloadAssembly
Native extension for LinuxStandalone target not found
Native extension for WindowsStandalone target not found
Native extension for OSXStandalone target not found
Native extension for WebGL target not found
Refreshing native plugins compatible for Editor in 0.37 ms, found 2 plugins.
Preloading 0 native plugins for Editor in 0.00 ms.
Mono: successfully reloaded assembly
- Completed reload, in  0.993 seconds
Platform modules already initialized, skipping
Refreshing native plugins compatible for Editor in 0.39 ms, found 2 plugins.
Preloading 0 native plugins for Editor in 0.00 ms.
Unloading 2257 Unused Serialized files (Serialized files now loaded: 0)
System memory in use before: 201.4 MB.
System memory in use after: 201.5 MB.

Unloading 14 unused Assets to reduce memory usage. Loaded Objects now: 2777.
Total: 2.255551 ms (FindLiveObjects: 0.228176 ms CreateObjectMapping: 0.105621 ms MarkObjects: 1.820894 ms  DeleteObjects: 0.100129 ms)

========================================================================
Received Prepare
Registering precompiled user dll's ...
Registered in 0.000620 seconds.
Begin MonoManager ReloadAssembly
Native extension for LinuxStandalone target not found
Native extension for WindowsStandalone target not found
Native extension for OSXStandalone target not found
Native extension for WebGL target not found
Refreshing native plugins compatible for Editor in 0.39 ms, found 2 plugins.
Preloading 0 native plugins for Editor in 0.00 ms.
Mono: successfully reloaded assembly
- Completed reload, in  1.000 seconds
Platform modules already initialized, skipping
Refreshing native plugins compatible for Editor in 0.37 ms, found 2 plugins.
Preloading 0 native plugins for Editor in 0.00 ms.
Unloading 2257 Unused Serialized files (Serialized files now loaded: 0)
System memory in use before: 201.6 MB.
System memory in use after: 201.7 MB.

Unloading 14 unused Assets to reduce memory usage. Loaded Objects now: 2781.
Total: 2.440712 ms (FindLiveObjects: 0.250092 ms CreateObjectMapping: 0.106688 ms MarkObjects: 1.967272 ms  DeleteObjects: 0.115334 ms)

========================================================================
Received Import Request.
  Time since last request: 1809.278670 seconds.
  path: Assets/PlayerInputActions.inputactions
  artifactKey: Guid(a09e820601d754688a4a18cdd61e62c3) Importer(815301076,1909f56bfc062723c751e8b465ee728b)
Start importing Assets/PlayerInputActions.inputactions using Guid(a09e820601d754688a4a18cdd61e62c3) Importer(815301076,1909f56bfc062723c751e8b465ee728b)  -> (artifact id: '0c0de52f883dd14072bc86f928558b83') in 0.027793 seconds
  Import took 0.032291 seconds .

========================================================================
Received Prepare
Registering precompiled user dll's ...
Registered in 0.001353 seconds.
Begin MonoManager ReloadAssembly
Native extension for LinuxStandalone target not found
Native extension for WindowsStandalone target not found
Native extension for OSXStandalone target not found
Native extension for WebGL target not found
Refreshing native plugins compatible for Editor in 0.38 ms, found 2 plugins.
Preloading 0 native plugins for Editor in 0.00 ms.
Mono: successfully reloaded assembly
- Completed reload, in  0.989 seconds
Platform modules already initialized, skipping
Refreshing native plugins compatible for Editor in 0.37 ms, found 2 plugins.
Preloading 0 native plugins for Editor in 0.00 ms.
Unloading 2257 Unused Serialized files (Serialized files now loaded: 0)
System memory in use before: 201.8 MB.
System memory in use after: 201.9 MB.

Unloading 14 unused Assets to reduce memory usage. Loaded Objects now: 2785.
Total: 2.264344 ms (FindLiveObjects: 0.295107 ms CreateObjectMapping: 0.105035 ms MarkObjects: 1.754779 ms  DeleteObjects: 0.108399 ms)

========================================================================
Received Prepare
Registering precompiled user dll's ...
Registered in 0.001164 seconds.
Begin MonoManager ReloadAssembly
Native extension for LinuxStandalone target not found
Native extension for WindowsStandalone target not found
Native extension for OSXStandalone target not found
Native extension for WebGL target not found
Refreshing native plugins compatible for Editor in 0.40 ms, found 2 plugins.
Preloading 0 native plugins for Editor in 0.00 ms.
Mono: successfully reloaded assembly
- Completed reload, in  1.003 seconds
Platform modules already initialized, skipping
Refreshing native plugins compatible for Editor in 0.38 ms, found 2 plugins.
Preloading 0 native plugins for Editor in 0.00 ms.
Unloading 2257 Unused Serialized files (Serialized files now loaded: 0)
System memory in use before: 202.1 MB.
System memory in use after: 202.2 MB.

Unloading 14 unused Assets to reduce memory usage. Loaded Objects now: 2789.
Total: 2.551221 ms (FindLiveObjects: 0.305056 ms CreateObjectMapping: 0.144525 ms MarkObjects: 1.987885 ms  DeleteObjects: 0.112342 ms)

========================================================================
Received Prepare
Registering precompiled user dll's ...
Registered in 0.000713 seconds.
Begin MonoManager ReloadAssembly
Native extension for LinuxStandalone target not found
Native extension for WindowsStandalone target not found
Native extension for OSXStandalone target not found
Native extension for WebGL target not found
Refreshing native plugins compatible for Editor in 0.42 ms, found 2 plugins.
Preloading 0 native plugins for Editor in 0.00 ms.
Mono: successfully reloaded assembly
- Completed reload, in  1.155 seconds
Platform modules already initialized, skipping
Refreshing native plugins compatible for Editor in 0.41 ms, found 2 plugins.
Preloading 0 native plugins for Editor in 0.00 ms.
Unloading 2257 Unused Serialized files (Serialized files now loaded: 0)
System memory in use before: 202.3 MB.
System memory in use after: 202.4 MB.

Unloading 14 unused Assets to reduce memory usage. Loaded Objects now: 2793.
Total: 2.879042 ms (FindLiveObjects: 0.318299 ms CreateObjectMapping: 0.120782 ms MarkObjects: 2.313287 ms  DeleteObjects: 0.124729 ms)

========================================================================
Received Prepare
Registering precompiled user dll's ...
Registered in 0.000705 seconds.
Begin MonoManager ReloadAssembly
Native extension for LinuxStandalone target not found
Native extension for WindowsStandalone target not found
Native extension for OSXStandalone target not found
Native extension for WebGL target not found
Refreshing native plugins compatible for Editor in 0.38 ms, found 2 plugins.
Preloading 0 native plugins for Editor in 0.00 ms.
Mono: successfully reloaded assembly
- Completed reload, in  1.105 seconds
Platform modules already initialized, skipping
Refreshing native plugins compatible for Editor in 0.45 ms, found 2 plugins.
Preloading 0 native plugins for Editor in 0.00 ms.
Unloading 2257 Unused Serialized files (Serialized files now loaded: 0)
System memory in use before: 202.5 MB.
System memory in use after: 202.6 MB.

Unloading 14 unused Assets to reduce memory usage. Loaded Objects now: 2797.
Total: 2.427879 ms (FindLiveObjects: 0.281358 ms CreateObjectMapping: 0.116563 ms MarkObjects: 1.900452 ms  DeleteObjects: 0.127166 ms)

========================================================================
Received Prepare
Registering precompiled user dll's ...
Registered in 0.000718 seconds.
Begin MonoManager ReloadAssembly
Native extension for LinuxStandalone target not found
Native extension for WindowsStandalone target not found
Native extension for OSXStandalone target not found
Native extension for WebGL target not found
Refreshing native plugins compatible for Editor in 0.38 ms, found 2 plugins.
Preloading 0 native plugins for Editor in 0.00 ms.
Mono: successfully reloaded assembly
- Completed reload, in  1.010 seconds
Platform modules already initialized, skipping
Refreshing native plugins compatible for Editor in 0.35 ms, found 2 plugins.
Preloading 0 native plugins for Editor in 0.00 ms.
Unloading 2257 Unused Serialized files (Serialized files now loaded: 0)
System memory in use before: 202.8 MB.
System memory in use after: 202.9 MB.

Unloading 14 unused Assets to reduce memory usage. Loaded Objects now: 2801.
Total: 2.613108 ms (FindLiveObjects: 0.272023 ms CreateObjectMapping: 0.102333 ms MarkObjects: 2.108463 ms  DeleteObjects: 0.128797 ms)

========================================================================
Received Prepare
Registering precompiled user dll's ...
Registered in 0.000666 seconds.
Begin MonoManager ReloadAssembly
Native extension for LinuxStandalone target not found
Native extension for WindowsStandalone target not found
Native extension for OSXStandalone target not found
Native extension for WebGL target not found
Refreshing native plugins compatible for Editor in 0.40 ms, found 2 plugins.
Preloading 0 native plugins for Editor in 0.00 ms.
Mono: successfully reloaded assembly
- Completed reload, in  1.073 seconds
Platform modules already initialized, skipping
Refreshing native plugins compatible for Editor in 0.44 ms, found 2 plugins.
Preloading 0 native plugins for Editor in 0.00 ms.
Unloading 2257 Unused Serialized files (Serialized files now loaded: 0)
System memory in use before: 203.0 MB.
System memory in use after: 203.1 MB.

Unloading 14 unused Assets to reduce memory usage. Loaded Objects now: 2805.
Total: 2.530977 ms (FindLiveObjects: 0.273780 ms CreateObjectMapping: 0.112371 ms MarkObjects: 2.020882 ms  DeleteObjects: 0.122727 ms)

========================================================================
Received Prepare
Registering precompiled user dll's ...
Registered in 0.000631 seconds.
Begin MonoManager ReloadAssembly
Native extension for LinuxStandalone target not found
Native extension for WindowsStandalone target not found
Native extension for OSXStandalone target not found
Native extension for WebGL target not found
Refreshing native plugins compatible for Editor in 0.55 ms, found 2 plugins.
Preloading 0 native plugins for Editor in 0.00 ms.
Mono: successfully reloaded assembly
- Completed reload, in  1.047 seconds
Platform modules already initialized, skipping
Refreshing native plugins compatible for Editor in 0.40 ms, found 2 plugins.
Preloading 0 native plugins for Editor in 0.00 ms.
Unloading 2257 Unused Serialized files (Serialized files now loaded: 0)
System memory in use before: 203.3 MB.
System memory in use after: 203.4 MB.

Unloading 14 unused Assets to reduce memory usage. Loaded Objects now: 2809.
Total: 2.362772 ms (FindLiveObjects: 0.254337 ms CreateObjectMapping: 0.101891 ms MarkObjects: 1.884316 ms  DeleteObjects: 0.120939 ms)

========================================================================
Received Prepare
Registering precompiled user dll's ...
Registered in 0.001232 seconds.
Begin MonoManager ReloadAssembly
Native extension for LinuxStandalone target not found
Native extension for WindowsStandalone target not found
Native extension for OSXStandalone target not found
Native extension for WebGL target not found
Refreshing native plugins compatible for Editor in 0.38 ms, found 2 plugins.
Preloading 0 native plugins for Editor in 0.00 ms.
Mono: successfully reloaded assembly
- Completed reload, in  0.996 seconds
Platform modules already initialized, skipping
Refreshing native plugins compatible for Editor in 0.37 ms, found 2 plugins.
Preloading 0 native plugins for Editor in 0.00 ms.
Unloading 2257 Unused Serialized files (Serialized files now loaded: 0)
System memory in use before: 203.6 MB.
System memory in use after: 203.6 MB.

Unloading 14 unused Assets to reduce memory usage. Loaded Objects now: 2813.
Total: 2.238033 ms (FindLiveObjects: 0.244396 ms CreateObjectMapping: 0.098644 ms MarkObjects: 1.797608 ms  DeleteObjects: 0.096576 ms)

========================================================================
Received Import Request.
  Time since last request: 3795.589883 seconds.
  path: Assets/InputSystem.inputsettings.asset
  artifactKey: Guid(a609f98c8b709443a87b4b7df7c43980) Importer(815301076,1909f56bfc062723c751e8b465ee728b)
Start importing Assets/InputSystem.inputsettings.asset using Guid(a609f98c8b709443a87b4b7df7c43980) Importer(815301076,1909f56bfc062723c751e8b465ee728b)  -> (artifact id: '7bb716132a1467cc6b8fe9eba47c72b7') in 0.016154 seconds
  Import took 0.020266 seconds .

========================================================================
Received Import Request.
  Time since last request: 0.006773 seconds.
  path: Assets/InputSystem.inputsettings.asset
  artifactKey: Guid(a609f98c8b709443a87b4b7df7c43980) Importer(815301076,1909f56bfc062723c751e8b465ee728b)
Start importing Assets/InputSystem.inputsettings.asset using Guid(a609f98c8b709443a87b4b7df7c43980) Importer(815301076,1909f56bfc062723c751e8b465ee728b)  -> (artifact id: '7bb716132a1467cc6b8fe9eba47c72b7') in 0.002031 seconds
  Import took 0.006267 seconds .

========================================================================
Received Import Request.
  Time since last request: 58.504305 seconds.
  path: Assets/Sprites/Player/projectile.png
  artifactKey: Guid(aae524ccac26d420abba017d4c93b99d) Importer(815301076,1909f56bfc062723c751e8b465ee728b)
Start importing Assets/Sprites/Player/projectile.png using Guid(aae524ccac26d420abba017d4c93b99d) Importer(815301076,1909f56bfc062723c751e8b465ee728b)  -> (artifact id: 'c4c1bfeaa9efde1e67e23c0d657a8242') in 0.061450 seconds
  Import took 0.065523 seconds .

========================================================================
Received Import Request.
  Time since last request: 40.645046 seconds.
  path: Assets/Prefab
  artifactKey: Guid(980f25131d2f34793a1f85e4dca31032) Importer(815301076,1909f56bfc062723c751e8b465ee728b)
Start importing Assets/Prefab using Guid(980f25131d2f34793a1f85e4dca31032) Importer(815301076,1909f56bfc062723c751e8b465ee728b)  -> (artifact id: '8a582d11a3cb4e07be3999af80fdceb9') in 0.002060 seconds
  Import took 0.005985 seconds .

========================================================================
Received Import Request.
  Time since last request: 3.877493 seconds.
  path: Assets/Prefab/PlayerProjectile.prefab
  artifactKey: Guid(cbf1fa2509a784aada1550a14a65ed8e) Importer(815301076,1909f56bfc062723c751e8b465ee728b)
Start importing Assets/Prefab/PlayerProjectile.prefab using Guid(cbf1fa2509a784aada1550a14a65ed8e) Importer(815301076,1909f56bfc062723c751e8b465ee728b)  -> (artifact id: 'dced35fdafc8b3145a3e6cce6c482eff') in 0.043691 seconds
  Import took 0.047325 seconds .

========================================================================
Received Import Request.
  Time since last request: 0.022565 seconds.
  path: Assets/Prefab/PlayerProjectile.prefab
  artifactKey: Guid(cbf1fa2509a784aada1550a14a65ed8e) Importer(815301076,1909f56bfc062723c751e8b465ee728b)
Start importing Assets/Prefab/PlayerProjectile.prefab using Guid(cbf1fa2509a784aada1550a14a65ed8e) Importer(815301076,1909f56bfc062723c751e8b465ee728b)  -> (artifact id: 'dced35fdafc8b3145a3e6cce6c482eff') in 0.009822 seconds
  Import took 0.013917 seconds .

========================================================================
Received Prepare
Registering precompiled user dll's ...
Registered in 0.001354 seconds.
Begin MonoManager ReloadAssembly
Native extension for LinuxStandalone target not found
Native extension for WindowsStandalone target not found
Native extension for OSXStandalone target not found
Native extension for WebGL target not found
Refreshing native plugins compatible for Editor in 0.38 ms, found 2 plugins.
Preloading 0 native plugins for Editor in 0.00 ms.
Mono: successfully reloaded assembly
- Completed reload, in  1.059 seconds
Platform modules already initialized, skipping
Refreshing native plugins compatible for Editor in 0.38 ms, found 2 plugins.
Preloading 0 native plugins for Editor in 0.00 ms.
Unloading 2257 Unused Serialized files (Serialized files now loaded: 0)
System memory in use before: 204.2 MB.
System memory in use after: 204.2 MB.

Unloading 14 unused Assets to reduce memory usage. Loaded Objects now: 2822.
Total: 2.281086 ms (FindLiveObjects: 0.245659 ms CreateObjectMapping: 0.092692 ms MarkObjects: 1.828141 ms  DeleteObjects: 0.113469 ms)

========================================================================
Received Prepare
Registering precompiled user dll's ...
Registered in 0.000611 seconds.
Begin MonoManager ReloadAssembly
Native extension for LinuxStandalone target not found
Native extension for WindowsStandalone target not found
Native extension for OSXStandalone target not found
Native extension for WebGL target not found
Refreshing native plugins compatible for Editor in 0.38 ms, found 2 plugins.
Preloading 0 native plugins for Editor in 0.00 ms.
Mono: successfully reloaded assembly
- Completed reload, in  1.023 seconds
Platform modules already initialized, skipping
Refreshing native plugins compatible for Editor in 0.35 ms, found 2 plugins.
Preloading 0 native plugins for Editor in 0.00 ms.
Unloading 2257 Unused Serialized files (Serialized files now loaded: 0)
System memory in use before: 204.4 MB.
System memory in use after: 204.5 MB.

Unloading 14 unused Assets to reduce memory usage. Loaded Objects now: 2826.
Total: 2.476061 ms (FindLiveObjects: 0.236910 ms CreateObjectMapping: 0.102142 ms MarkObjects: 2.024354 ms  DeleteObjects: 0.111673 ms)

========================================================================
Received Prepare
Registering precompiled user dll's ...
Registered in 0.000675 seconds.
Begin MonoManager ReloadAssembly
Native extension for LinuxStandalone target not found
Native extension for WindowsStandalone target not found
Native extension for OSXStandalone target not found
Native extension for WebGL target not found
Refreshing native plugins compatible for Editor in 0.38 ms, found 2 plugins.
Preloading 0 native plugins for Editor in 0.00 ms.
Mono: successfully reloaded assembly
- Completed reload, in  1.017 seconds
Platform modules already initialized, skipping
Refreshing native plugins compatible for Editor in 0.44 ms, found 2 plugins.
Preloading 0 native plugins for Editor in 0.00 ms.
Unloading 2257 Unused Serialized files (Serialized files now loaded: 0)
System memory in use before: 204.7 MB.
System memory in use after: 204.7 MB.

Unloading 14 unused Assets to reduce memory usage. Loaded Objects now: 2830.
Total: 2.483446 ms (FindLiveObjects: 0.268892 ms CreateObjectMapping: 0.112370 ms MarkObjects: 1.981219 ms  DeleteObjects: 0.119697 ms)

========================================================================
Received Import Request.
  Time since last request: 481.963802 seconds.
  path: Assets/PlayerInputActions.inputactions
  artifactKey: Guid(a09e820601d754688a4a18cdd61e62c3) Importer(815301076,1909f56bfc062723c751e8b465ee728b)
Start importing Assets/PlayerInputActions.inputactions using Guid(a09e820601d754688a4a18cdd61e62c3) Importer(815301076,1909f56bfc062723c751e8b465ee728b)  -> (artifact id: '9a5862242318e9d9113eba9c29800f4e') in 0.027238 seconds
  Import took 0.032639 seconds .

========================================================================
Received Prepare
Registering precompiled user dll's ...
Registered in 0.000664 seconds.
Begin MonoManager ReloadAssembly
Native extension for LinuxStandalone target not found
Native extension for WindowsStandalone target not found
Native extension for OSXStandalone target not found
Native extension for WebGL target not found
Refreshing native plugins compatible for Editor in 0.39 ms, found 2 plugins.
Preloading 0 native plugins for Editor in 0.00 ms.
Mono: successfully reloaded assembly
- Completed reload, in  1.003 seconds
Platform modules already initialized, skipping
Refreshing native plugins compatible for Editor in 0.45 ms, found 2 plugins.
Preloading 0 native plugins for Editor in 0.00 ms.
Unloading 2257 Unused Serialized files (Serialized files now loaded: 0)
System memory in use before: 204.8 MB.
System memory in use after: 204.9 MB.

Unloading 14 unused Assets to reduce memory usage. Loaded Objects now: 2834.
Total: 2.095178 ms (FindLiveObjects: 0.221547 ms CreateObjectMapping: 0.095118 ms MarkObjects: 1.686474 ms  DeleteObjects: 0.091269 ms)

========================================================================
Received Import Request.
  Time since last request: 34.754259 seconds.
  path: ProjectSettings/TagManager.asset
  artifactKey: Guid(00000000000000003000000000000000) Importer(815301076,1909f56bfc062723c751e8b465ee728b)
Start importing ProjectSettings/TagManager.asset using Guid(00000000000000003000000000000000) Importer(815301076,1909f56bfc062723c751e8b465ee728b)  -> (artifact id: '6c9f4bb147a8a63fd544126e70c92dfb') in 0.015466 seconds
  Import took 0.020342 seconds .

========================================================================
Received Import Request.
  Time since last request: 3.494970 seconds.
  path: ProjectSettings/TagManager.asset
  artifactKey: Guid(00000000000000003000000000000000) Importer(815301076,1909f56bfc062723c751e8b465ee728b)
Start importing ProjectSettings/TagManager.asset using Guid(00000000000000003000000000000000) Importer(815301076,1909f56bfc062723c751e8b465ee728b)  -> (artifact id: '322690a828a0541406a57855e1563c95') in 0.003052 seconds
  Import took 0.007424 seconds .

========================================================================
Received Import Request.
  Time since last request: 45.303997 seconds.
  path: Assets/Prefab/PlayerProjectile.prefab
  artifactKey: Guid(cbf1fa2509a784aada1550a14a65ed8e) Importer(815301076,1909f56bfc062723c751e8b465ee728b)
Start importing Assets/Prefab/PlayerProjectile.prefab using Guid(cbf1fa2509a784aada1550a14a65ed8e) Importer(815301076,1909f56bfc062723c751e8b465ee728b)  -> (artifact id: 'c74d3dce26da8abc8ef07872c87e1181') in 0.061874 seconds
  Import took 0.065860 seconds .

========================================================================
Received Prepare
Registering precompiled user dll's ...
Registered in 0.000632 seconds.
Begin MonoManager ReloadAssembly
Native extension for LinuxStandalone target not found
Native extension for WindowsStandalone target not found
Native extension for OSXStandalone target not found
Native extension for WebGL target not found
Refreshing native plugins compatible for Editor in 0.38 ms, found 2 plugins.
Preloading 0 native plugins for Editor in 0.00 ms.
Mono: successfully reloaded assembly
- Completed reload, in  0.971 seconds
Platform modules already initialized, skipping
Refreshing native plugins compatible for Editor in 0.36 ms, found 2 plugins.
Preloading 0 native plugins for Editor in 0.00 ms.
Unloading 2257 Unused Serialized files (Serialized files now loaded: 0)
System memory in use before: 205.1 MB.
System memory in use after: 205.2 MB.

Unloading 16 unused Assets to reduce memory usage. Loaded Objects now: 2839.
Total: 2.762990 ms (FindLiveObjects: 0.252987 ms CreateObjectMapping: 0.078510 ms MarkObjects: 2.345223 ms  DeleteObjects: 0.085627 ms)

========================================================================
Received Prepare
Registering precompiled user dll's ...
Registered in 0.000732 seconds.
Begin MonoManager ReloadAssembly
Native extension for LinuxStandalone target not found
Native extension for WindowsStandalone target not found
Native extension for OSXStandalone target not found
Native extension for WebGL target not found
Refreshing native plugins compatible for Editor in 0.40 ms, found 2 plugins.
Preloading 0 native plugins for Editor in 0.00 ms.
Mono: successfully reloaded assembly
- Completed reload, in  1.093 seconds
Platform modules already initialized, skipping
Refreshing native plugins compatible for Editor in 0.38 ms, found 2 plugins.
Preloading 0 native plugins for Editor in 0.00 ms.
Unloading 2257 Unused Serialized files (Serialized files now loaded: 0)
System memory in use before: 205.4 MB.
System memory in use after: 205.4 MB.

Unloading 14 unused Assets to reduce memory usage. Loaded Objects now: 2843.
Total: 2.464820 ms (FindLiveObjects: 0.289861 ms CreateObjectMapping: 0.101649 ms MarkObjects: 1.962659 ms  DeleteObjects: 0.108453 ms)

========================================================================
Received Prepare
Registering precompiled user dll's ...
Registered in 0.000692 seconds.
Begin MonoManager ReloadAssembly
Native extension for LinuxStandalone target not found
Native extension for WindowsStandalone target not found
Native extension for OSXStandalone target not found
Native extension for WebGL target not found
Refreshing native plugins compatible for Editor in 0.37 ms, found 2 plugins.
Preloading 0 native plugins for Editor in 0.00 ms.
Mono: successfully reloaded assembly
- Completed reload, in  0.994 seconds
Platform modules already initialized, skipping
Refreshing native plugins compatible for Editor in 0.33 ms, found 2 plugins.
Preloading 0 native plugins for Editor in 0.00 ms.
Unloading 2257 Unused Serialized files (Serialized files now loaded: 0)
System memory in use before: 205.6 MB.
System memory in use after: 205.7 MB.

Unloading 14 unused Assets to reduce memory usage. Loaded Objects now: 2847.
Total: 2.581881 ms (FindLiveObjects: 0.288149 ms CreateObjectMapping: 0.114486 ms MarkObjects: 2.061082 ms  DeleteObjects: 0.116732 ms)

========================================================================
Received Prepare
Registering precompiled user dll's ...
Registered in 0.001188 seconds.
Begin MonoManager ReloadAssembly
Native extension for LinuxStandalone target not found
Native extension for WindowsStandalone target not found
Native extension for OSXStandalone target not found
Native extension for WebGL target not found
Refreshing native plugins compatible for Editor in 0.39 ms, found 2 plugins.
Preloading 0 native plugins for Editor in 0.00 ms.
Mono: successfully reloaded assembly
- Completed reload, in  1.085 seconds
Platform modules already initialized, skipping
Refreshing native plugins compatible for Editor in 0.38 ms, found 2 plugins.
Preloading 0 native plugins for Editor in 0.00 ms.
Unloading 2257 Unused Serialized files (Serialized files now loaded: 0)
System memory in use before: 205.8 MB.
System memory in use after: 205.8 MB.

Unloading 14 unused Assets to reduce memory usage. Loaded Objects now: 2851.
Total: 2.527029 ms (FindLiveObjects: 0.347410 ms CreateObjectMapping: 0.124358 ms MarkObjects: 1.935153 ms  DeleteObjects: 0.118936 ms)

========================================================================
Received Prepare
Registering precompiled user dll's ...
Registered in 0.000647 seconds.
Begin MonoManager ReloadAssembly
Native extension for LinuxStandalone target not found
Native extension for WindowsStandalone target not found
Native extension for OSXStandalone target not found
Native extension for WebGL target not found
Refreshing native plugins compatible for Editor in 0.39 ms, found 2 plugins.
Preloading 0 native plugins for Editor in 0.00 ms.
Mono: successfully reloaded assembly
- Completed reload, in  1.058 seconds
Platform modules already initialized, skipping
Refreshing native plugins compatible for Editor in 0.36 ms, found 2 plugins.
Preloading 0 native plugins for Editor in 0.00 ms.
Unloading 2257 Unused Serialized files (Serialized files now loaded: 0)
System memory in use before: 206.0 MB.
System memory in use after: 206.1 MB.

Unloading 14 unused Assets to reduce memory usage. Loaded Objects now: 2855.
Total: 3.274747 ms (FindLiveObjects: 0.288602 ms CreateObjectMapping: 0.302748 ms MarkObjects: 2.556901 ms  DeleteObjects: 0.125147 ms)

========================================================================
Received Prepare
Registering precompiled user dll's ...
Registered in 0.000731 seconds.
Begin MonoManager ReloadAssembly
Native extension for LinuxStandalone target not found
Native extension for WindowsStandalone target not found
Native extension for OSXStandalone target not found
Native extension for WebGL target not found
Refreshing native plugins compatible for Editor in 0.38 ms, found 2 plugins.
Preloading 0 native plugins for Editor in 0.00 ms.
Mono: successfully reloaded assembly
- Completed reload, in  1.032 seconds
Platform modules already initialized, skipping
Refreshing native plugins compatible for Editor in 0.50 ms, found 2 plugins.
Preloading 0 native plugins for Editor in 0.00 ms.
Unloading 2257 Unused Serialized files (Serialized files now loaded: 0)
System memory in use before: 206.2 MB.
System memory in use after: 206.3 MB.

Unloading 14 unused Assets to reduce memory usage. Loaded Objects now: 2859.
Total: 2.673348 ms (FindLiveObjects: 0.288472 ms CreateObjectMapping: 0.128659 ms MarkObjects: 2.136037 ms  DeleteObjects: 0.118824 ms)

========================================================================
Received Import Request.
  Time since last request: 481.551197 seconds.
  path: Assets/Prefab/PlayerProjectile.prefab
  artifactKey: Guid(cbf1fa2509a784aada1550a14a65ed8e) Importer(815301076,1909f56bfc062723c751e8b465ee728b)
Start importing Assets/Prefab/PlayerProjectile.prefab using Guid(cbf1fa2509a784aada1550a14a65ed8e) Importer(815301076,1909f56bfc062723c751e8b465ee728b)  -> (artifact id: '28495a08ffe70c422834aff0118ba5de') in 0.071817 seconds
  Import took 0.076021 seconds .

========================================================================
Received Prepare
Registering precompiled user dll's ...
Registered in 0.000641 seconds.
Begin MonoManager ReloadAssembly
Native extension for LinuxStandalone target not found
Native extension for WindowsStandalone target not found
Native extension for OSXStandalone target not found
Native extension for WebGL target not found
Refreshing native plugins compatible for Editor in 0.38 ms, found 2 plugins.
Preloading 0 native plugins for Editor in 0.00 ms.
Mono: successfully reloaded assembly
- Completed reload, in  0.985 seconds
Platform modules already initialized, skipping
Refreshing native plugins compatible for Editor in 0.34 ms, found 2 plugins.
Preloading 0 native plugins for Editor in 0.00 ms.
Unloading 2257 Unused Serialized files (Serialized files now loaded: 0)
System memory in use before: 206.5 MB.
System memory in use after: 206.5 MB.

Unloading 14 unused Assets to reduce memory usage. Loaded Objects now: 2864.
Total: 2.365936 ms (FindLiveObjects: 0.237416 ms CreateObjectMapping: 0.091377 ms MarkObjects: 1.933772 ms  DeleteObjects: 0.102468 ms)

========================================================================
Received Prepare
Registering precompiled user dll's ...
Registered in 0.000714 seconds.
Begin MonoManager ReloadAssembly
Native extension for LinuxStandalone target not found
Native extension for WindowsStandalone target not found
Native extension for OSXStandalone target not found
Native extension for WebGL target not found
Refreshing native plugins compatible for Editor in 0.38 ms, found 2 plugins.
Preloading 0 native plugins for Editor in 0.00 ms.
Mono: successfully reloaded assembly
- Completed reload, in  1.125 seconds
Platform modules already initialized, skipping
Refreshing native plugins compatible for Editor in 0.41 ms, found 2 plugins.
Preloading 0 native plugins for Editor in 0.00 ms.
Unloading 2257 Unused Serialized files (Serialized files now loaded: 0)
System memory in use before: 206.7 MB.
System memory in use after: 206.8 MB.

Unloading 14 unused Assets to reduce memory usage. Loaded Objects now: 2868.
Total: 2.615333 ms (FindLiveObjects: 0.265651 ms CreateObjectMapping: 0.099264 ms MarkObjects: 2.123038 ms  DeleteObjects: 0.125955 ms)

========================================================================
Received Prepare
Registering precompiled user dll's ...
Registered in 0.000650 seconds.
Begin MonoManager ReloadAssembly
Native extension for LinuxStandalone target not found
Native extension for WindowsStandalone target not found
Native extension for OSXStandalone target not found
Native extension for WebGL target not found
Refreshing native plugins compatible for Editor in 0.40 ms, found 2 plugins.
Preloading 0 native plugins for Editor in 0.00 ms.
Mono: successfully reloaded assembly
- Completed reload, in  1.013 seconds
Platform modules already initialized, skipping
Refreshing native plugins compatible for Editor in 0.34 ms, found 2 plugins.
Preloading 0 native plugins for Editor in 0.00 ms.
Unloading 2257 Unused Serialized files (Serialized files now loaded: 0)
System memory in use before: 206.9 MB.
System memory in use after: 207.0 MB.

Unloading 14 unused Assets to reduce memory usage. Loaded Objects now: 2872.
Total: 2.474602 ms (FindLiveObjects: 0.265549 ms CreateObjectMapping: 0.118656 ms MarkObjects: 1.968396 ms  DeleteObjects: 0.120601 ms)

========================================================================
Received Prepare
Registering precompiled user dll's ...
Registered in 0.000824 seconds.
Begin MonoManager ReloadAssembly
Native extension for LinuxStandalone target not found
Native extension for WindowsStandalone target not found
Native extension for OSXStandalone target not found
Native extension for WebGL target not found
Refreshing native plugins compatible for Editor in 0.38 ms, found 2 plugins.
Preloading 0 native plugins for Editor in 0.00 ms.
Mono: successfully reloaded assembly
- Completed reload, in  1.042 seconds
Platform modules already initialized, skipping
Refreshing native plugins compatible for Editor in 0.33 ms, found 2 plugins.
Preloading 0 native plugins for Editor in 0.00 ms.
Unloading 2257 Unused Serialized files (Serialized files now loaded: 0)
System memory in use before: 207.2 MB.
System memory in use after: 207.3 MB.

Unloading 14 unused Assets to reduce memory usage. Loaded Objects now: 2876.
Total: 2.359439 ms (FindLiveObjects: 0.249159 ms CreateObjectMapping: 0.103637 ms MarkObjects: 1.888489 ms  DeleteObjects: 0.117105 ms)

========================================================================
Received Prepare
Registering precompiled user dll's ...
Registered in 0.000937 seconds.
Begin MonoManager ReloadAssembly
Native extension for LinuxStandalone target not found
Native extension for WindowsStandalone target not found
Native extension for OSXStandalone target not found
Native extension for WebGL target not found
Refreshing native plugins compatible for Editor in 0.38 ms, found 2 plugins.
Preloading 0 native plugins for Editor in 0.00 ms.
Mono: successfully reloaded assembly
- Completed reload, in  0.989 seconds
Platform modules already initialized, skipping
Refreshing native plugins compatible for Editor in 0.35 ms, found 2 plugins.
Preloading 0 native plugins for Editor in 0.00 ms.
Unloading 2257 Unused Serialized files (Serialized files now loaded: 0)
System memory in use before: 207.4 MB.
System memory in use after: 207.5 MB.

Unloading 14 unused Assets to reduce memory usage. Loaded Objects now: 2880.
Total: 2.419324 ms (FindLiveObjects: 0.264178 ms CreateObjectMapping: 0.100246 ms MarkObjects: 1.939713 ms  DeleteObjects: 0.113754 ms)

========================================================================
Received Prepare
Registering precompiled user dll's ...
Registered in 0.001773 seconds.
Begin MonoManager ReloadAssembly
Native extension for LinuxStandalone target not found
Native extension for WindowsStandalone target not found
Native extension for OSXStandalone target not found
Native extension for WebGL target not found
Refreshing native plugins compatible for Editor in 0.38 ms, found 2 plugins.
Preloading 0 native plugins for Editor in 0.00 ms.
Mono: successfully reloaded assembly
- Completed reload, in  1.022 seconds
Platform modules already initialized, skipping
Refreshing native plugins compatible for Editor in 0.38 ms, found 2 plugins.
Preloading 0 native plugins for Editor in 0.00 ms.
Unloading 2257 Unused Serialized files (Serialized files now loaded: 0)
System memory in use before: 207.7 MB.
System memory in use after: 207.7 MB.

Unloading 14 unused Assets to reduce memory usage. Loaded Objects now: 2884.
Total: 2.463075 ms (FindLiveObjects: 0.265552 ms CreateObjectMapping: 0.102810 ms MarkObjects: 1.982265 ms  DeleteObjects: 0.111168 ms)

========================================================================
Received Prepare
Registering precompiled user dll's ...
Registered in 0.000648 seconds.
Begin MonoManager ReloadAssembly
Native extension for LinuxStandalone target not found
Native extension for WindowsStandalone target not found
Native extension for OSXStandalone target not found
Native extension for WebGL target not found
Refreshing native plugins compatible for Editor in 0.47 ms, found 2 plugins.
Preloading 0 native plugins for Editor in 0.00 ms.
Mono: successfully reloaded assembly
- Completed reload, in  1.109 seconds
Platform modules already initialized, skipping
Refreshing native plugins compatible for Editor in 0.34 ms, found 2 plugins.
Preloading 0 native plugins for Editor in 0.00 ms.
Unloading 2257 Unused Serialized files (Serialized files now loaded: 0)
System memory in use before: 207.9 MB.
System memory in use after: 207.9 MB.

Unloading 14 unused Assets to reduce memory usage. Loaded Objects now: 2888.
Total: 2.615511 ms (FindLiveObjects: 0.271682 ms CreateObjectMapping: 0.127496 ms MarkObjects: 2.091490 ms  DeleteObjects: 0.123443 ms)

========================================================================
Received Prepare
Registering precompiled user dll's ...
Registered in 0.001650 seconds.
Begin MonoManager ReloadAssembly
Native extension for LinuxStandalone target not found
Native extension for WindowsStandalone target not found
Native extension for OSXStandalone target not found
Native extension for WebGL target not found
Refreshing native plugins compatible for Editor in 0.38 ms, found 2 plugins.
Preloading 0 native plugins for Editor in 0.00 ms.
Mono: successfully reloaded assembly
- Completed reload, in  1.036 seconds
Platform modules already initialized, skipping
Refreshing native plugins compatible for Editor in 0.38 ms, found 2 plugins.
Preloading 0 native plugins for Editor in 0.00 ms.
Unloading 2257 Unused Serialized files (Serialized files now loaded: 0)
System memory in use before: 208.1 MB.
System memory in use after: 208.2 MB.

Unloading 14 unused Assets to reduce memory usage. Loaded Objects now: 2892.
Total: 2.077615 ms (FindLiveObjects: 0.228569 ms CreateObjectMapping: 0.088342 ms MarkObjects: 1.663326 ms  DeleteObjects: 0.096606 ms)

========================================================================
Received Prepare
Registering precompiled user dll's ...
Registered in 0.001193 seconds.
Begin MonoManager ReloadAssembly
Native extension for LinuxStandalone target not found
Native extension for WindowsStandalone target not found
Native extension for OSXStandalone target not found
Native extension for WebGL target not found
Refreshing native plugins compatible for Editor in 0.39 ms, found 2 plugins.
Preloading 0 native plugins for Editor in 0.00 ms.
Mono: successfully reloaded assembly
- Completed reload, in  1.027 seconds
Platform modules already initialized, skipping
Refreshing native plugins compatible for Editor in 0.35 ms, found 2 plugins.
Preloading 0 native plugins for Editor in 0.00 ms.
Unloading 2257 Unused Serialized files (Serialized files now loaded: 0)
System memory in use before: 208.5 MB.
System memory in use after: 208.6 MB.

Unloading 14 unused Assets to reduce memory usage. Loaded Objects now: 2896.
Total: 2.085754 ms (FindLiveObjects: 0.249424 ms CreateObjectMapping: 0.085069 ms MarkObjects: 1.658299 ms  DeleteObjects: 0.092232 ms)

========================================================================
Received Prepare
Registering precompiled user dll's ...
Registered in 0.000644 seconds.
Begin MonoManager ReloadAssembly
Native extension for LinuxStandalone target not found
Native extension for WindowsStandalone target not found
Native extension for OSXStandalone target not found
Native extension for WebGL target not found
Refreshing native plugins compatible for Editor in 0.46 ms, found 2 plugins.
Preloading 0 native plugins for Editor in 0.00 ms.
Mono: successfully reloaded assembly
- Completed reload, in  1.037 seconds
Platform modules already initialized, skipping
Refreshing native plugins compatible for Editor in 0.31 ms, found 2 plugins.
Preloading 0 native plugins for Editor in 0.00 ms.
Unloading 2257 Unused Serialized files (Serialized files now loaded: 0)
System memory in use before: 208.8 MB.
System memory in use after: 208.9 MB.

Unloading 14 unused Assets to reduce memory usage. Loaded Objects now: 2900.
Total: 2.311081 ms (FindLiveObjects: 0.238869 ms CreateObjectMapping: 0.094068 ms MarkObjects: 1.881995 ms  DeleteObjects: 0.095380 ms)

========================================================================
Received Prepare
Registering precompiled user dll's ...
Registered in 0.000528 seconds.
Begin MonoManager ReloadAssembly
Native extension for LinuxStandalone target not found
Native extension for WindowsStandalone target not found
Native extension for OSXStandalone target not found
Native extension for WebGL target not found
Refreshing native plugins compatible for Editor in 0.38 ms, found 2 plugins.
Preloading 0 native plugins for Editor in 0.00 ms.
Mono: successfully reloaded assembly
- Completed reload, in  1.003 seconds
Platform modules already initialized, skipping
Refreshing native plugins compatible for Editor in 0.44 ms, found 2 plugins.
Preloading 0 native plugins for Editor in 0.00 ms.
Unloading 2257 Unused Serialized files (Serialized files now loaded: 0)
System memory in use before: 209.0 MB.
System memory in use after: 209.1 MB.

Unloading 14 unused Assets to reduce memory usage. Loaded Objects now: 2904.
Total: 3.221002 ms (FindLiveObjects: 0.328070 ms CreateObjectMapping: 0.135780 ms MarkObjects: 2.601871 ms  DeleteObjects: 0.153430 ms)

========================================================================
Received Prepare
Registering precompiled user dll's ...
Registered in 0.000624 seconds.
Begin MonoManager ReloadAssembly
Native extension for LinuxStandalone target not found
Native extension for WindowsStandalone target not found
Native extension for OSXStandalone target not found
Native extension for WebGL target not found
Refreshing native plugins compatible for Editor in 0.38 ms, found 2 plugins.
Preloading 0 native plugins for Editor in 0.00 ms.
Mono: successfully reloaded assembly
- Completed reload, in  0.980 seconds
Platform modules already initialized, skipping
Refreshing native plugins compatible for Editor in 0.33 ms, found 2 plugins.
Preloading 0 native plugins for Editor in 0.00 ms.
Unloading 2257 Unused Serialized files (Serialized files now loaded: 0)
System memory in use before: 209.3 MB.
System memory in use after: 209.3 MB.

Unloading 14 unused Assets to reduce memory usage. Loaded Objects now: 2908.
Total: 2.526012 ms (FindLiveObjects: 0.262761 ms CreateObjectMapping: 0.119831 ms MarkObjects: 2.024675 ms  DeleteObjects: 0.117404 ms)

========================================================================
Received Prepare
Registering precompiled user dll's ...
Registered in 0.000653 seconds.
Begin MonoManager ReloadAssembly
Native extension for LinuxStandalone target not found
Native extension for WindowsStandalone target not found
Native extension for OSXStandalone target not found
Native extension for WebGL target not found
Refreshing native plugins compatible for Editor in 0.38 ms, found 2 plugins.
Preloading 0 native plugins for Editor in 0.00 ms.
Mono: successfully reloaded assembly
- Completed reload, in  1.025 seconds
Platform modules already initialized, skipping
Refreshing native plugins compatible for Editor in 0.38 ms, found 2 plugins.
Preloading 0 native plugins for Editor in 0.00 ms.
Unloading 2257 Unused Serialized files (Serialized files now loaded: 0)
System memory in use before: 209.5 MB.
System memory in use after: 209.5 MB.

Unloading 14 unused Assets to reduce memory usage. Loaded Objects now: 2912.
Total: 2.407174 ms (FindLiveObjects: 0.262722 ms CreateObjectMapping: 0.105188 ms MarkObjects: 1.932341 ms  DeleteObjects: 0.106027 ms)

========================================================================
Received Prepare
Registering precompiled user dll's ...
Registered in 0.000633 seconds.
Begin MonoManager ReloadAssembly
Native extension for LinuxStandalone target not found
Native extension for WindowsStandalone target not found
Native extension for OSXStandalone target not found
Native extension for WebGL target not found
Refreshing native plugins compatible for Editor in 0.53 ms, found 2 plugins.
Preloading 0 native plugins for Editor in 0.00 ms.
Mono: successfully reloaded assembly
- Completed reload, in  1.031 seconds
Platform modules already initialized, skipping
Refreshing native plugins compatible for Editor in 0.33 ms, found 2 plugins.
Preloading 0 native plugins for Editor in 0.00 ms.
Unloading 2257 Unused Serialized files (Serialized files now loaded: 0)
System memory in use before: 209.7 MB.
System memory in use after: 209.8 MB.

Unloading 14 unused Assets to reduce memory usage. Loaded Objects now: 2916.
Total: 2.531144 ms (FindLiveObjects: 0.277443 ms CreateObjectMapping: 0.107116 ms MarkObjects: 2.025419 ms  DeleteObjects: 0.119811 ms)

========================================================================
Received Prepare
Registering precompiled user dll's ...
Registered in 0.000666 seconds.
Begin MonoManager ReloadAssembly
Native extension for LinuxStandalone target not found
Native extension for WindowsStandalone target not found
Native extension for OSXStandalone target not found
Native extension for WebGL target not found
Refreshing native plugins compatible for Editor in 0.37 ms, found 2 plugins.
Preloading 0 native plugins for Editor in 0.00 ms.
Mono: successfully reloaded assembly
- Completed reload, in  0.996 seconds
Platform modules already initialized, skipping
Refreshing native plugins compatible for Editor in 0.34 ms, found 2 plugins.
Preloading 0 native plugins for Editor in 0.00 ms.
Unloading 2257 Unused Serialized files (Serialized files now loaded: 0)
System memory in use before: 209.9 MB.
System memory in use after: 210.0 MB.

Unloading 14 unused Assets to reduce memory usage. Loaded Objects now: 2920.
Total: 2.498270 ms (FindLiveObjects: 0.259748 ms CreateObjectMapping: 0.103409 ms MarkObjects: 2.010940 ms  DeleteObjects: 0.122736 ms)

========================================================================
Received Prepare
Registering precompiled user dll's ...
Registered in 0.000785 seconds.
Begin MonoManager ReloadAssembly
Native extension for LinuxStandalone target not found
Native extension for WindowsStandalone target not found
Native extension for OSXStandalone target not found
Native extension for WebGL target not found
Refreshing native plugins compatible for Editor in 0.38 ms, found 2 plugins.
Preloading 0 native plugins for Editor in 0.00 ms.
Mono: successfully reloaded assembly
- Completed reload, in  1.018 seconds
Platform modules already initialized, skipping
Refreshing native plugins compatible for Editor in 0.33 ms, found 2 plugins.
Preloading 0 native plugins for Editor in 0.00 ms.
Unloading 2257 Unused Serialized files (Serialized files now loaded: 0)
System memory in use before: 210.2 MB.
System memory in use after: 210.3 MB.

Unloading 14 unused Assets to reduce memory usage. Loaded Objects now: 2924.
Total: 2.515209 ms (FindLiveObjects: 0.262108 ms CreateObjectMapping: 0.117625 ms MarkObjects: 2.013515 ms  DeleteObjects: 0.120153 ms)

========================================================================
Received Prepare
Registering precompiled user dll's ...
Registered in 0.000662 seconds.
Begin MonoManager ReloadAssembly
Native extension for LinuxStandalone target not found
Native extension for WindowsStandalone target not found
Native extension for OSXStandalone target not found
Native extension for WebGL target not found
Refreshing native plugins compatible for Editor in 0.45 ms, found 2 plugins.
Preloading 0 native plugins for Editor in 0.00 ms.
Mono: successfully reloaded assembly
- Completed reload, in  1.139 seconds
Platform modules already initialized, skipping
Refreshing native plugins compatible for Editor in 0.47 ms, found 2 plugins.
Preloading 0 native plugins for Editor in 0.00 ms.
Unloading 2257 Unused Serialized files (Serialized files now loaded: 0)
System memory in use before: 210.5 MB.
System memory in use after: 210.5 MB.

Unloading 14 unused Assets to reduce memory usage. Loaded Objects now: 2928.
Total: 2.437597 ms (FindLiveObjects: 0.239945 ms CreateObjectMapping: 0.088087 ms MarkObjects: 1.983660 ms  DeleteObjects: 0.124631 ms)

